[2021-08-31 01:46:04 train_imbalanced.py:68] INFO     analyze: False
[2021-08-31 01:46:04 train_imbalanced.py:68] INFO     anlz_FC: False
[2021-08-31 01:46:04 train_imbalanced.py:68] INFO     anlz_base: 1
[2021-08-31 01:46:04 train_imbalanced.py:68] INFO     anlz_class: 2
[2021-08-31 01:46:04 train_imbalanced.py:68] INFO     anlz_diff: 1
[2021-08-31 01:46:04 train_imbalanced.py:68] INFO     anlz_interval: 1
[2021-08-31 01:46:04 train_imbalanced.py:68] INFO     anlz_iter: 1000
[2021-08-31 01:46:04 train_imbalanced.py:68] INFO     anlz_metric: euclidean
[2021-08-31 01:46:04 train_imbalanced.py:68] INFO     anlz_rand: False
[2021-08-31 01:46:04 train_imbalanced.py:68] INFO     anlz_same: 1
[2021-08-31 01:46:04 train_imbalanced.py:68] INFO     arch: resnet18
[2021-08-31 01:46:04 train_imbalanced.py:68] INFO     batch_size: 256
[2021-08-31 01:46:04 train_imbalanced.py:68] INFO     case_study: False
[2021-08-31 01:46:04 train_imbalanced.py:68] INFO     ce_train: True
[2021-08-31 01:46:04 train_imbalanced.py:68] INFO     clone_augment_method: none
[2021-08-31 01:46:04 train_imbalanced.py:68] INFO     clone_factor_1shot: 20
[2021-08-31 01:46:04 train_imbalanced.py:68] INFO     clone_factor_5shot: 4
[2021-08-31 01:46:04 train_imbalanced.py:68] INFO     config: ./configs/pointing_augment.config
[2021-08-31 01:46:04 train_imbalanced.py:68] INFO     data: ./images/
[2021-08-31 01:46:04 train_imbalanced.py:68] INFO     data_type: miniImageNet
[2021-08-31 01:46:04 train_imbalanced.py:68] INFO     disable_random_resize: False
[2021-08-31 01:46:04 train_imbalanced.py:68] INFO     disable_tqdm: False
[2021-08-31 01:46:04 train_imbalanced.py:68] INFO     disable_train_augment: False
[2021-08-31 01:46:04 train_imbalanced.py:68] INFO     do_imbal_eval: False
[2021-08-31 01:46:04 train_imbalanced.py:68] INFO     do_imbal_train: False
[2021-08-31 01:46:04 train_imbalanced.py:68] INFO     do_meta_train: False
[2021-08-31 01:46:04 train_imbalanced.py:68] INFO     enlarge: False
[2021-08-31 01:46:04 train_imbalanced.py:68] INFO     epochs: 100
[2021-08-31 01:46:04 train_imbalanced.py:68] INFO     eval_fc: False
[2021-08-31 01:46:04 train_imbalanced.py:68] INFO     evaluate: False
[2021-08-31 01:46:04 train_imbalanced.py:68] INFO     imbal_iter: 500
[2021-08-31 01:46:04 train_imbalanced.py:68] INFO     imbal_shot: 5
[2021-08-31 01:46:04 train_imbalanced.py:68] INFO     imbal_way: 5
[2021-08-31 01:46:04 train_imbalanced.py:68] INFO     logname: Cloning_none_selectclass_100.log
[2021-08-31 01:46:04 train_imbalanced.py:68] INFO     lr: 0.1
[2021-08-31 01:46:04 train_imbalanced.py:68] INFO     lr_gamma: 0.1
[2021-08-31 01:46:04 train_imbalanced.py:68] INFO     lr_stepsize: 30
[2021-08-31 01:46:04 train_imbalanced.py:68] INFO     meta_cloning: True
[2021-08-31 01:46:04 train_imbalanced.py:68] INFO     meta_test_iter: 10000
[2021-08-31 01:46:04 train_imbalanced.py:68] INFO     meta_train_iter: 100
[2021-08-31 01:46:04 train_imbalanced.py:68] INFO     meta_train_metric: euclidean
[2021-08-31 01:46:04 train_imbalanced.py:68] INFO     meta_train_query: 15
[2021-08-31 01:46:04 train_imbalanced.py:68] INFO     meta_train_shot: 1
[2021-08-31 01:46:04 train_imbalanced.py:68] INFO     meta_train_way: 30
[2021-08-31 01:46:04 train_imbalanced.py:68] INFO     meta_val_interval: 10
[2021-08-31 01:46:04 train_imbalanced.py:68] INFO     meta_val_iter: 500
[2021-08-31 01:46:04 train_imbalanced.py:68] INFO     meta_val_metric: euclidean
[2021-08-31 01:46:04 train_imbalanced.py:68] INFO     meta_val_query: 15
[2021-08-31 01:46:04 train_imbalanced.py:68] INFO     meta_val_shot: 5
[2021-08-31 01:46:04 train_imbalanced.py:68] INFO     meta_val_way: 5
[2021-08-31 01:46:04 train_imbalanced.py:68] INFO     mix_train: False
[2021-08-31 01:46:04 train_imbalanced.py:68] INFO     nesterov: False
[2021-08-31 01:46:04 train_imbalanced.py:68] INFO     no_meta_eval: False
[2021-08-31 01:46:04 train_imbalanced.py:68] INFO     num_NN: 1
[2021-08-31 01:46:04 train_imbalanced.py:68] INFO     num_classes: 64
[2021-08-31 01:46:04 train_imbalanced.py:68] INFO     optimizer: SGD
[2021-08-31 01:46:04 train_imbalanced.py:68] INFO     pointing_aug_equalperclass_num: 1
[2021-08-31 01:46:04 train_imbalanced.py:68] INFO     pointing_aug_eval: True
[2021-08-31 01:46:04 train_imbalanced.py:68] INFO     pointing_aug_randomgeneration_num: 100
[2021-08-31 01:46:04 train_imbalanced.py:68] INFO     pointing_aug_sample_type: select_class
[2021-08-31 01:46:04 train_imbalanced.py:68] INFO     pointing_aug_selectclass_num: 100
[2021-08-31 01:46:04 train_imbalanced.py:68] INFO     pretrain: None
[2021-08-31 01:46:04 train_imbalanced.py:68] INFO     print_freq: 50
[2021-08-31 01:46:04 train_imbalanced.py:68] INFO     save_path: ./result_mini_paper
[2021-08-31 01:46:04 train_imbalanced.py:68] INFO     scheduler: multi_step
[2021-08-31 01:46:04 train_imbalanced.py:68] INFO     seed: 0
[2021-08-31 01:46:04 train_imbalanced.py:68] INFO     select_class_metric: UN
[2021-08-31 01:46:04 train_imbalanced.py:68] INFO     select_class_type: random
[2021-08-31 01:46:04 train_imbalanced.py:68] INFO     split_dir: ./split/mini/
[2021-08-31 01:46:04 train_imbalanced.py:68] INFO     start_epoch: 0
[2021-08-31 01:46:04 train_imbalanced.py:68] INFO     triplet_base: 1
[2021-08-31 01:46:04 train_imbalanced.py:68] INFO     triplet_batch: 100
[2021-08-31 01:46:04 train_imbalanced.py:68] INFO     triplet_diff: 1
[2021-08-31 01:46:04 train_imbalanced.py:68] INFO     triplet_iter: 10000
[2021-08-31 01:46:04 train_imbalanced.py:68] INFO     triplet_metric: euclidean
[2021-08-31 01:46:04 train_imbalanced.py:68] INFO     triplet_rand: False
[2021-08-31 01:46:04 train_imbalanced.py:68] INFO     triplet_same: 1
[2021-08-31 01:46:04 train_imbalanced.py:68] INFO     trp_train: False
[2021-08-31 01:46:04 train_imbalanced.py:68] INFO     weight_decay: 0.0001
[2021-08-31 01:46:04 train_imbalanced.py:68] INFO     workers: 40
[2021-08-31 01:46:04 train_imbalanced.py:83] INFO     => creating model 'resnet18'
[2021-08-31 01:56:52 train_imbalanced.py:1719] INFO     Meta Test: LAST
How_Close_Factor=0.9
feature	UN	L2N	CL2N
GVP 1Shot	0.5686(0.0020)	0.6001(0.0020)	0.6262(0.0020)
GVP_5Shot	0.7828(0.0015)	0.7926(0.0014)	0.7929(0.0015)
[2021-08-31 02:04:27 train_imbalanced.py:1719] INFO     Meta Test: LAST
How_Close_Factor=0.8
feature	UN	L2N	CL2N
GVP 1Shot	0.5800(0.0020)	0.6071(0.0020)	0.6287(0.0020)
GVP_5Shot	0.7839(0.0015)	0.7925(0.0014)	0.7919(0.0015)
[2021-08-31 02:12:01 train_imbalanced.py:1719] INFO     Meta Test: LAST
How_Close_Factor=0.7
feature	UN	L2N	CL2N
GVP 1Shot	0.5879(0.0021)	0.6102(0.0021)	0.6284(0.0020)
GVP_5Shot	0.7826(0.0015)	0.7900(0.0015)	0.7886(0.0015)
[2021-08-31 02:19:36 train_imbalanced.py:1719] INFO     Meta Test: LAST
How_Close_Factor=0.6
feature	UN	L2N	CL2N
GVP 1Shot	0.5909(0.0021)	0.6090(0.0021)	0.6240(0.0021)
GVP_5Shot	0.7787(0.0015)	0.7850(0.0015)	0.7828(0.0015)
[2021-08-31 02:27:11 train_imbalanced.py:1719] INFO     Meta Test: LAST
How_Close_Factor=0.5
feature	UN	L2N	CL2N
GVP 1Shot	0.5877(0.0021)	0.6026(0.0021)	0.6153(0.0021)
GVP_5Shot	0.7715(0.0015)	0.7770(0.0015)	0.7738(0.0015)
[2021-08-31 02:34:45 train_imbalanced.py:1719] INFO     Meta Test: LAST
How_Close_Factor=0.4
feature	UN	L2N	CL2N
GVP 1Shot	0.5783(0.0021)	0.5903(0.0022)	0.6008(0.0021)
GVP_5Shot	0.7606(0.0016)	0.7651(0.0016)	0.7610(0.0016)
[2021-08-31 02:42:21 train_imbalanced.py:1719] INFO     Meta Test: LAST
How_Close_Factor=0.3
feature	UN	L2N	CL2N
GVP 1Shot	0.5624(0.0022)	0.5728(0.0022)	0.5799(0.0022)
GVP_5Shot	0.7455(0.0016)	0.7497(0.0016)	0.7438(0.0016)
[2021-08-31 02:49:56 train_imbalanced.py:1719] INFO     Meta Test: LAST
How_Close_Factor=0.2
feature	UN	L2N	CL2N
GVP 1Shot	0.5404(0.0022)	0.5506(0.0022)	0.5537(0.0022)
GVP_5Shot	0.7250(0.0017)	0.7291(0.0017)	0.7213(0.0017)
[2021-08-31 02:57:31 train_imbalanced.py:1719] INFO     Meta Test: LAST
How_Close_Factor=0.1
feature	UN	L2N	CL2N
GVP 1Shot	0.5140(0.0022)	0.5249(0.0023)	0.5244(0.0023)
GVP_5Shot	0.6985(0.0018)	0.7033(0.0018)	0.6938(0.0018)
[2021-08-31 03:05:05 train_imbalanced.py:1719] INFO     Meta Test: LAST
How_Close_Factor=0
feature	UN	L2N	CL2N
GVP 1Shot	0.4810(0.0023)	0.4933(0.0023)	0.4906(0.0023)
GVP_5Shot	0.6660(0.0019)	0.6723(0.0019)	0.6613(0.0019)
