[2021-08-31 18:35:13 train_imbalanced.py:68] INFO     analyze: False
[2021-08-31 18:35:13 train_imbalanced.py:68] INFO     anlz_FC: False
[2021-08-31 18:35:13 train_imbalanced.py:68] INFO     anlz_base: 1
[2021-08-31 18:35:13 train_imbalanced.py:68] INFO     anlz_class: 2
[2021-08-31 18:35:13 train_imbalanced.py:68] INFO     anlz_diff: 1
[2021-08-31 18:35:13 train_imbalanced.py:68] INFO     anlz_interval: 1
[2021-08-31 18:35:13 train_imbalanced.py:68] INFO     anlz_iter: 1000
[2021-08-31 18:35:13 train_imbalanced.py:68] INFO     anlz_metric: euclidean
[2021-08-31 18:35:13 train_imbalanced.py:68] INFO     anlz_rand: False
[2021-08-31 18:35:13 train_imbalanced.py:68] INFO     anlz_same: 1
[2021-08-31 18:35:13 train_imbalanced.py:68] INFO     arch: resnet18
[2021-08-31 18:35:13 train_imbalanced.py:68] INFO     batch_size: 256
[2021-08-31 18:35:13 train_imbalanced.py:68] INFO     case_study: False
[2021-08-31 18:35:13 train_imbalanced.py:68] INFO     ce_train: True
[2021-08-31 18:35:13 train_imbalanced.py:68] INFO     clone_augment_method: randomresizedcrop
[2021-08-31 18:35:13 train_imbalanced.py:68] INFO     clone_factor_1shot: 20
[2021-08-31 18:35:13 train_imbalanced.py:68] INFO     clone_factor_5shot: 4
[2021-08-31 18:35:13 train_imbalanced.py:68] INFO     config: ./configs/pointing_augment.config
[2021-08-31 18:35:13 train_imbalanced.py:68] INFO     data: ./images/
[2021-08-31 18:35:13 train_imbalanced.py:68] INFO     data_type: miniImageNet
[2021-08-31 18:35:13 train_imbalanced.py:68] INFO     disable_random_resize: False
[2021-08-31 18:35:13 train_imbalanced.py:68] INFO     disable_tqdm: False
[2021-08-31 18:35:13 train_imbalanced.py:68] INFO     disable_train_augment: False
[2021-08-31 18:35:13 train_imbalanced.py:68] INFO     do_imbal_eval: False
[2021-08-31 18:35:13 train_imbalanced.py:68] INFO     do_imbal_train: False
[2021-08-31 18:35:13 train_imbalanced.py:68] INFO     do_meta_train: False
[2021-08-31 18:35:13 train_imbalanced.py:68] INFO     enlarge: False
[2021-08-31 18:35:13 train_imbalanced.py:68] INFO     epochs: 100
[2021-08-31 18:35:13 train_imbalanced.py:68] INFO     eval_fc: False
[2021-08-31 18:35:13 train_imbalanced.py:68] INFO     evaluate: False
[2021-08-31 18:35:13 train_imbalanced.py:68] INFO     imbal_iter: 500
[2021-08-31 18:35:13 train_imbalanced.py:68] INFO     imbal_shot: 5
[2021-08-31 18:35:13 train_imbalanced.py:68] INFO     imbal_way: 5
[2021-08-31 18:35:13 train_imbalanced.py:68] INFO     logname: Cloning_equalperclass_1.log
[2021-08-31 18:35:13 train_imbalanced.py:68] INFO     lr: 0.1
[2021-08-31 18:35:13 train_imbalanced.py:68] INFO     lr_gamma: 0.1
[2021-08-31 18:35:13 train_imbalanced.py:68] INFO     lr_stepsize: 30
[2021-08-31 18:35:13 train_imbalanced.py:68] INFO     meta_cloning: True
[2021-08-31 18:35:13 train_imbalanced.py:68] INFO     meta_test_iter: 10000
[2021-08-31 18:35:13 train_imbalanced.py:68] INFO     meta_train_iter: 100
[2021-08-31 18:35:13 train_imbalanced.py:68] INFO     meta_train_metric: euclidean
[2021-08-31 18:35:13 train_imbalanced.py:68] INFO     meta_train_query: 15
[2021-08-31 18:35:13 train_imbalanced.py:68] INFO     meta_train_shot: 1
[2021-08-31 18:35:13 train_imbalanced.py:68] INFO     meta_train_way: 30
[2021-08-31 18:35:13 train_imbalanced.py:68] INFO     meta_val_interval: 10
[2021-08-31 18:35:13 train_imbalanced.py:68] INFO     meta_val_iter: 500
[2021-08-31 18:35:13 train_imbalanced.py:68] INFO     meta_val_metric: euclidean
[2021-08-31 18:35:13 train_imbalanced.py:68] INFO     meta_val_query: 15
[2021-08-31 18:35:13 train_imbalanced.py:68] INFO     meta_val_shot: 5
[2021-08-31 18:35:13 train_imbalanced.py:68] INFO     meta_val_way: 5
[2021-08-31 18:35:13 train_imbalanced.py:68] INFO     mix_train: False
[2021-08-31 18:35:13 train_imbalanced.py:68] INFO     nesterov: False
[2021-08-31 18:35:13 train_imbalanced.py:68] INFO     no_meta_eval: False
[2021-08-31 18:35:13 train_imbalanced.py:68] INFO     num_NN: 1
[2021-08-31 18:35:13 train_imbalanced.py:68] INFO     num_classes: 64
[2021-08-31 18:35:13 train_imbalanced.py:68] INFO     optimizer: SGD
[2021-08-31 18:35:13 train_imbalanced.py:68] INFO     pointing_aug_equalperclass_num: 1
[2021-08-31 18:35:13 train_imbalanced.py:68] INFO     pointing_aug_eval: True
[2021-08-31 18:35:13 train_imbalanced.py:68] INFO     pointing_aug_randomgeneration_num: 10
[2021-08-31 18:35:13 train_imbalanced.py:68] INFO     pointing_aug_sample_type: equal_per_class
[2021-08-31 18:35:13 train_imbalanced.py:68] INFO     pointing_aug_selectclass_num: 1
[2021-08-31 18:35:13 train_imbalanced.py:68] INFO     pretrain: None
[2021-08-31 18:35:13 train_imbalanced.py:68] INFO     print_freq: 50
[2021-08-31 18:35:13 train_imbalanced.py:68] INFO     save_path: ./result_mini_paper
[2021-08-31 18:35:13 train_imbalanced.py:68] INFO     scheduler: multi_step
[2021-08-31 18:35:13 train_imbalanced.py:68] INFO     seed: 0
[2021-08-31 18:35:13 train_imbalanced.py:68] INFO     select_class_metric: UN
[2021-08-31 18:35:13 train_imbalanced.py:68] INFO     select_class_type: random
[2021-08-31 18:35:13 train_imbalanced.py:68] INFO     split_dir: ./split/mini/
[2021-08-31 18:35:13 train_imbalanced.py:68] INFO     start_epoch: 0
[2021-08-31 18:35:13 train_imbalanced.py:68] INFO     triplet_base: 1
[2021-08-31 18:35:13 train_imbalanced.py:68] INFO     triplet_batch: 100
[2021-08-31 18:35:13 train_imbalanced.py:68] INFO     triplet_diff: 1
[2021-08-31 18:35:13 train_imbalanced.py:68] INFO     triplet_iter: 10000
[2021-08-31 18:35:13 train_imbalanced.py:68] INFO     triplet_metric: euclidean
[2021-08-31 18:35:13 train_imbalanced.py:68] INFO     triplet_rand: False
[2021-08-31 18:35:13 train_imbalanced.py:68] INFO     triplet_same: 1
[2021-08-31 18:35:13 train_imbalanced.py:68] INFO     trp_train: False
[2021-08-31 18:35:13 train_imbalanced.py:68] INFO     weight_decay: 0.0001
[2021-08-31 18:35:13 train_imbalanced.py:68] INFO     workers: 40
[2021-08-31 18:35:13 train_imbalanced.py:83] INFO     => creating model 'resnet18'
[2021-08-31 18:41:26 train_imbalanced.py:1718] INFO     Meta Test: LAST
How_Close_Factor=0.9
feature	UN	L2N	CL2N
GVP 1Shot	0.6000(0.0020)	0.6075(0.0020)	0.6307(0.0020)
GVP_5Shot	0.7869(0.0015)	0.7913(0.0014)	0.7910(0.0015)
[2021-08-31 18:44:23 train_imbalanced.py:1718] INFO     Meta Test: LAST
How_Close_Factor=0.8
feature	UN	L2N	CL2N
GVP 1Shot	0.6090(0.0020)	0.6156(0.0020)	0.6307(0.0020)
GVP_5Shot	0.7890(0.0014)	0.7936(0.0014)	0.7907(0.0015)
[2021-08-31 18:47:21 train_imbalanced.py:1718] INFO     Meta Test: LAST
How_Close_Factor=0.7
feature	UN	L2N	CL2N
GVP 1Shot	0.6174(0.0020)	0.6228(0.0020)	0.6307(0.0020)
GVP_5Shot	0.7900(0.0014)	0.7949(0.0014)	0.7906(0.0014)
[2021-08-31 18:50:18 train_imbalanced.py:1718] INFO     Meta Test: LAST
How_Close_Factor=0.6
feature	UN	L2N	CL2N
GVP 1Shot	0.6239(0.0020)	0.6296(0.0020)	0.6306(0.0020)
GVP_5Shot	0.7894(0.0015)	0.7936(0.0014)	0.7915(0.0015)
[2021-08-31 18:53:16 train_imbalanced.py:1718] INFO     Meta Test: LAST
How_Close_Factor=0.5
feature	UN	L2N	CL2N
GVP 1Shot	0.6281(0.0020)	0.6324(0.0020)	0.6293(0.0020)
GVP_5Shot	0.7852(0.0015)	0.7892(0.0014)	0.7859(0.0015)
[2021-08-31 18:56:13 train_imbalanced.py:1718] INFO     Meta Test: LAST
How_Close_Factor=0.4
feature	UN	L2N	CL2N
GVP 1Shot	0.6336(0.0020)	0.6387(0.0020)	0.6322(0.0020)
GVP_5Shot	0.7851(0.0015)	0.7882(0.0015)	0.7923(0.0015)
[2021-08-31 18:59:11 train_imbalanced.py:1718] INFO     Meta Test: LAST
How_Close_Factor=0.3
feature	UN	L2N	CL2N
GVP 1Shot	0.6339(0.0020)	0.6387(0.0020)	0.6314(0.0020)
GVP_5Shot	0.7791(0.0015)	0.7814(0.0015)	0.7904(0.0015)
[2021-08-31 19:02:08 train_imbalanced.py:1718] INFO     Meta Test: LAST
How_Close_Factor=0.2
feature	UN	L2N	CL2N
GVP 1Shot	0.6334(0.0020)	0.6372(0.0020)	0.6321(0.0020)
GVP_5Shot	0.7725(0.0015)	0.7744(0.0015)	0.7858(0.0015)
[2021-08-31 19:05:06 train_imbalanced.py:1718] INFO     Meta Test: LAST
How_Close_Factor=0.1
feature	UN	L2N	CL2N
GVP 1Shot	0.6312(0.0020)	0.6342(0.0019)	0.6307(0.0020)
GVP_5Shot	0.7661(0.0015)	0.7670(0.0015)	0.7677(0.0015)
[2021-08-31 19:08:03 train_imbalanced.py:1718] INFO     Meta Test: LAST
How_Close_Factor=0
feature	UN	L2N	CL2N
GVP 1Shot	0.2000(0.0000)	0.2000(0.0000)	0.2000(0.0000)
GVP_5Shot	0.2000(0.0000)	0.2000(0.0000)	0.2000(0.0000)
