[2021-08-31 22:07:43 train_imbalanced.py:68] INFO     analyze: False
[2021-08-31 22:07:43 train_imbalanced.py:68] INFO     anlz_FC: False
[2021-08-31 22:07:43 train_imbalanced.py:68] INFO     anlz_base: 1
[2021-08-31 22:07:43 train_imbalanced.py:68] INFO     anlz_class: 2
[2021-08-31 22:07:43 train_imbalanced.py:68] INFO     anlz_diff: 1
[2021-08-31 22:07:43 train_imbalanced.py:68] INFO     anlz_interval: 1
[2021-08-31 22:07:43 train_imbalanced.py:68] INFO     anlz_iter: 1000
[2021-08-31 22:07:43 train_imbalanced.py:68] INFO     anlz_metric: euclidean
[2021-08-31 22:07:43 train_imbalanced.py:68] INFO     anlz_rand: False
[2021-08-31 22:07:43 train_imbalanced.py:68] INFO     anlz_same: 1
[2021-08-31 22:07:43 train_imbalanced.py:68] INFO     arch: resnet18
[2021-08-31 22:07:43 train_imbalanced.py:68] INFO     batch_size: 256
[2021-08-31 22:07:43 train_imbalanced.py:68] INFO     case_study: False
[2021-08-31 22:07:43 train_imbalanced.py:68] INFO     ce_train: True
[2021-08-31 22:07:43 train_imbalanced.py:68] INFO     clone_augment_method: randomresizedcrop
[2021-08-31 22:07:43 train_imbalanced.py:68] INFO     clone_factor_1shot: 20
[2021-08-31 22:07:43 train_imbalanced.py:68] INFO     clone_factor_5shot: 4
[2021-08-31 22:07:43 train_imbalanced.py:68] INFO     config: ./configs/pointing_augment.config
[2021-08-31 22:07:43 train_imbalanced.py:68] INFO     data: ./images/
[2021-08-31 22:07:43 train_imbalanced.py:68] INFO     data_type: miniImageNet
[2021-08-31 22:07:43 train_imbalanced.py:68] INFO     disable_random_resize: False
[2021-08-31 22:07:43 train_imbalanced.py:68] INFO     disable_tqdm: False
[2021-08-31 22:07:43 train_imbalanced.py:68] INFO     disable_train_augment: False
[2021-08-31 22:07:43 train_imbalanced.py:68] INFO     do_imbal_eval: False
[2021-08-31 22:07:43 train_imbalanced.py:68] INFO     do_imbal_train: False
[2021-08-31 22:07:43 train_imbalanced.py:68] INFO     do_meta_train: False
[2021-08-31 22:07:43 train_imbalanced.py:68] INFO     enlarge: False
[2021-08-31 22:07:43 train_imbalanced.py:68] INFO     epochs: 100
[2021-08-31 22:07:43 train_imbalanced.py:68] INFO     eval_fc: False
[2021-08-31 22:07:43 train_imbalanced.py:68] INFO     evaluate: False
[2021-08-31 22:07:43 train_imbalanced.py:68] INFO     imbal_iter: 500
[2021-08-31 22:07:43 train_imbalanced.py:68] INFO     imbal_shot: 5
[2021-08-31 22:07:43 train_imbalanced.py:68] INFO     imbal_way: 5
[2021-08-31 22:07:43 train_imbalanced.py:68] INFO     logname: Cloning_randomgeneration_500.log
[2021-08-31 22:07:43 train_imbalanced.py:68] INFO     lr: 0.1
[2021-08-31 22:07:43 train_imbalanced.py:68] INFO     lr_gamma: 0.1
[2021-08-31 22:07:43 train_imbalanced.py:68] INFO     lr_stepsize: 30
[2021-08-31 22:07:43 train_imbalanced.py:68] INFO     meta_cloning: True
[2021-08-31 22:07:43 train_imbalanced.py:68] INFO     meta_test_iter: 10000
[2021-08-31 22:07:43 train_imbalanced.py:68] INFO     meta_train_iter: 100
[2021-08-31 22:07:43 train_imbalanced.py:68] INFO     meta_train_metric: euclidean
[2021-08-31 22:07:43 train_imbalanced.py:68] INFO     meta_train_query: 15
[2021-08-31 22:07:43 train_imbalanced.py:68] INFO     meta_train_shot: 1
[2021-08-31 22:07:43 train_imbalanced.py:68] INFO     meta_train_way: 30
[2021-08-31 22:07:43 train_imbalanced.py:68] INFO     meta_val_interval: 10
[2021-08-31 22:07:43 train_imbalanced.py:68] INFO     meta_val_iter: 500
[2021-08-31 22:07:43 train_imbalanced.py:68] INFO     meta_val_metric: euclidean
[2021-08-31 22:07:43 train_imbalanced.py:68] INFO     meta_val_query: 15
[2021-08-31 22:07:43 train_imbalanced.py:68] INFO     meta_val_shot: 5
[2021-08-31 22:07:43 train_imbalanced.py:68] INFO     meta_val_way: 5
[2021-08-31 22:07:43 train_imbalanced.py:68] INFO     mix_train: False
[2021-08-31 22:07:43 train_imbalanced.py:68] INFO     nesterov: False
[2021-08-31 22:07:43 train_imbalanced.py:68] INFO     no_meta_eval: False
[2021-08-31 22:07:43 train_imbalanced.py:68] INFO     num_NN: 1
[2021-08-31 22:07:43 train_imbalanced.py:68] INFO     num_classes: 64
[2021-08-31 22:07:43 train_imbalanced.py:68] INFO     optimizer: SGD
[2021-08-31 22:07:43 train_imbalanced.py:68] INFO     pointing_aug_equalperclass_num: 1
[2021-08-31 22:07:43 train_imbalanced.py:68] INFO     pointing_aug_eval: True
[2021-08-31 22:07:43 train_imbalanced.py:68] INFO     pointing_aug_randomgeneration_num: 500
[2021-08-31 22:07:43 train_imbalanced.py:68] INFO     pointing_aug_sample_type: random_generation
[2021-08-31 22:07:43 train_imbalanced.py:68] INFO     pointing_aug_selectclass_num: 1
[2021-08-31 22:07:43 train_imbalanced.py:68] INFO     pretrain: None
[2021-08-31 22:07:43 train_imbalanced.py:68] INFO     print_freq: 50
[2021-08-31 22:07:43 train_imbalanced.py:68] INFO     save_path: ./result_mini_paper
[2021-08-31 22:07:43 train_imbalanced.py:68] INFO     scheduler: multi_step
[2021-08-31 22:07:43 train_imbalanced.py:68] INFO     seed: 0
[2021-08-31 22:07:43 train_imbalanced.py:68] INFO     select_class_metric: UN
[2021-08-31 22:07:43 train_imbalanced.py:68] INFO     select_class_type: random
[2021-08-31 22:07:43 train_imbalanced.py:68] INFO     split_dir: ./split/mini/
[2021-08-31 22:07:43 train_imbalanced.py:68] INFO     start_epoch: 0
[2021-08-31 22:07:43 train_imbalanced.py:68] INFO     triplet_base: 1
[2021-08-31 22:07:43 train_imbalanced.py:68] INFO     triplet_batch: 100
[2021-08-31 22:07:43 train_imbalanced.py:68] INFO     triplet_diff: 1
[2021-08-31 22:07:43 train_imbalanced.py:68] INFO     triplet_iter: 10000
[2021-08-31 22:07:43 train_imbalanced.py:68] INFO     triplet_metric: euclidean
[2021-08-31 22:07:43 train_imbalanced.py:68] INFO     triplet_rand: False
[2021-08-31 22:07:43 train_imbalanced.py:68] INFO     triplet_same: 1
[2021-08-31 22:07:43 train_imbalanced.py:68] INFO     trp_train: False
[2021-08-31 22:07:43 train_imbalanced.py:68] INFO     weight_decay: 0.0001
[2021-08-31 22:07:43 train_imbalanced.py:68] INFO     workers: 40
[2021-08-31 22:07:43 train_imbalanced.py:83] INFO     => creating model 'resnet18'
[2021-08-31 22:19:31 train_imbalanced.py:1718] INFO     Meta Test: LAST
How_Close_Factor=0.9
feature	UN	L2N	CL2N
GVP 1Shot	0.5869(0.0020)	0.6201(0.0020)	0.6319(0.0020)
GVP_5Shot	0.7737(0.0015)	0.7939(0.0014)	0.7848(0.0015)
[2021-08-31 22:28:01 train_imbalanced.py:1718] INFO     Meta Test: LAST
How_Close_Factor=0.8
feature	UN	L2N	CL2N
GVP 1Shot	0.5562(0.0021)	0.6314(0.0020)	0.6319(0.0020)
GVP_5Shot	0.7261(0.0018)	0.7916(0.0014)	0.7595(0.0016)
[2021-08-31 22:36:27 train_imbalanced.py:1718] INFO     Meta Test: LAST
How_Close_Factor=0.7
feature	UN	L2N	CL2N
GVP 1Shot	0.5078(0.0023)	0.6363(0.0020)	0.6343(0.0019)
GVP_5Shot	0.6571(0.0022)	0.7859(0.0014)	0.7564(0.0016)
[2021-08-31 22:44:55 train_imbalanced.py:1718] INFO     Meta Test: LAST
How_Close_Factor=0.6
feature	UN	L2N	CL2N
GVP 1Shot	0.4601(0.0024)	0.6370(0.0020)	0.6325(0.0019)
GVP_5Shot	0.5886(0.0026)	0.7795(0.0015)	0.7601(0.0016)
[2021-08-31 22:53:22 train_imbalanced.py:1718] INFO     Meta Test: LAST
How_Close_Factor=0.5
feature	UN	L2N	CL2N
GVP 1Shot	0.4196(0.0025)	0.6367(0.0019)	0.6302(0.0019)
GVP_5Shot	0.5305(0.0028)	0.7738(0.0015)	0.7605(0.0016)
[2021-08-31 23:01:50 train_imbalanced.py:1718] INFO     Meta Test: LAST
How_Close_Factor=0.4
feature	UN	L2N	CL2N
GVP 1Shot	0.3869(0.0025)	0.6348(0.0019)	0.6289(0.0019)
GVP_5Shot	0.4836(0.0030)	0.7682(0.0015)	0.7602(0.0016)
[2021-08-31 23:10:16 train_imbalanced.py:1718] INFO     Meta Test: LAST
How_Close_Factor=0.3
feature	UN	L2N	CL2N
GVP 1Shot	0.3616(0.0024)	0.6323(0.0019)	0.6287(0.0019)
GVP_5Shot	0.4465(0.0030)	0.7636(0.0015)	0.7603(0.0016)
[2021-08-31 23:18:45 train_imbalanced.py:1718] INFO     Meta Test: LAST
How_Close_Factor=0.2
feature	UN	L2N	CL2N
GVP 1Shot	0.3413(0.0023)	0.6293(0.0019)	0.6287(0.0019)
GVP_5Shot	0.4163(0.0029)	0.7591(0.0015)	0.7604(0.0016)
[2021-08-31 23:27:12 train_imbalanced.py:1718] INFO     Meta Test: LAST
How_Close_Factor=0.1
feature	UN	L2N	CL2N
GVP 1Shot	0.3255(0.0023)	0.6266(0.0019)	0.6287(0.0019)
GVP_5Shot	0.3931(0.0029)	0.7555(0.0015)	0.7603(0.0016)
[2021-08-31 23:35:39 train_imbalanced.py:1718] INFO     Meta Test: LAST
How_Close_Factor=0
feature	UN	L2N	CL2N
GVP 1Shot	0.2000(0.0000)	0.2000(0.0000)	0.2000(0.0000)
GVP_5Shot	0.2000(0.0000)	0.2000(0.0000)	0.2000(0.0000)
[2021-09-01 02:54:07 train_imbalanced.py:68] INFO     analyze: False
[2021-09-01 02:54:07 train_imbalanced.py:68] INFO     anlz_FC: False
[2021-09-01 02:54:07 train_imbalanced.py:68] INFO     anlz_base: 1
[2021-09-01 02:54:07 train_imbalanced.py:68] INFO     anlz_class: 2
[2021-09-01 02:54:07 train_imbalanced.py:68] INFO     anlz_diff: 1
[2021-09-01 02:54:07 train_imbalanced.py:68] INFO     anlz_interval: 1
[2021-09-01 02:54:07 train_imbalanced.py:68] INFO     anlz_iter: 1000
[2021-09-01 02:54:07 train_imbalanced.py:68] INFO     anlz_metric: euclidean
[2021-09-01 02:54:07 train_imbalanced.py:68] INFO     anlz_rand: False
[2021-09-01 02:54:07 train_imbalanced.py:68] INFO     anlz_same: 1
[2021-09-01 02:54:07 train_imbalanced.py:68] INFO     arch: resnet18
[2021-09-01 02:54:07 train_imbalanced.py:68] INFO     batch_size: 256
[2021-09-01 02:54:07 train_imbalanced.py:68] INFO     case_study: False
[2021-09-01 02:54:07 train_imbalanced.py:68] INFO     ce_train: True
[2021-09-01 02:54:07 train_imbalanced.py:68] INFO     clone_augment_method: randomresizedcrop
[2021-09-01 02:54:07 train_imbalanced.py:68] INFO     clone_factor_1shot: 20
[2021-09-01 02:54:07 train_imbalanced.py:68] INFO     clone_factor_5shot: 4
[2021-09-01 02:54:07 train_imbalanced.py:68] INFO     config: ./configs/pointing_augment.config
[2021-09-01 02:54:07 train_imbalanced.py:68] INFO     data: ./images/
[2021-09-01 02:54:07 train_imbalanced.py:68] INFO     data_type: miniImageNet
[2021-09-01 02:54:07 train_imbalanced.py:68] INFO     disable_random_resize: False
[2021-09-01 02:54:07 train_imbalanced.py:68] INFO     disable_tqdm: False
[2021-09-01 02:54:07 train_imbalanced.py:68] INFO     disable_train_augment: False
[2021-09-01 02:54:07 train_imbalanced.py:68] INFO     do_imbal_eval: False
[2021-09-01 02:54:07 train_imbalanced.py:68] INFO     do_imbal_train: False
[2021-09-01 02:54:07 train_imbalanced.py:68] INFO     do_meta_train: False
[2021-09-01 02:54:07 train_imbalanced.py:68] INFO     enlarge: False
[2021-09-01 02:54:07 train_imbalanced.py:68] INFO     epochs: 100
[2021-09-01 02:54:07 train_imbalanced.py:68] INFO     eval_fc: False
[2021-09-01 02:54:07 train_imbalanced.py:68] INFO     evaluate: False
[2021-09-01 02:54:07 train_imbalanced.py:68] INFO     imbal_iter: 500
[2021-09-01 02:54:07 train_imbalanced.py:68] INFO     imbal_shot: 5
[2021-09-01 02:54:07 train_imbalanced.py:68] INFO     imbal_way: 5
[2021-09-01 02:54:07 train_imbalanced.py:68] INFO     logname: Cloning_randomgeneration_500.log
[2021-09-01 02:54:07 train_imbalanced.py:68] INFO     lr: 0.1
[2021-09-01 02:54:07 train_imbalanced.py:68] INFO     lr_gamma: 0.1
[2021-09-01 02:54:07 train_imbalanced.py:68] INFO     lr_stepsize: 30
[2021-09-01 02:54:07 train_imbalanced.py:68] INFO     meta_cloning: True
[2021-09-01 02:54:07 train_imbalanced.py:68] INFO     meta_test_iter: 10000
[2021-09-01 02:54:07 train_imbalanced.py:68] INFO     meta_train_iter: 100
[2021-09-01 02:54:07 train_imbalanced.py:68] INFO     meta_train_metric: euclidean
[2021-09-01 02:54:07 train_imbalanced.py:68] INFO     meta_train_query: 15
[2021-09-01 02:54:07 train_imbalanced.py:68] INFO     meta_train_shot: 1
[2021-09-01 02:54:07 train_imbalanced.py:68] INFO     meta_train_way: 30
[2021-09-01 02:54:07 train_imbalanced.py:68] INFO     meta_val_interval: 10
[2021-09-01 02:54:07 train_imbalanced.py:68] INFO     meta_val_iter: 500
[2021-09-01 02:54:07 train_imbalanced.py:68] INFO     meta_val_metric: euclidean
[2021-09-01 02:54:07 train_imbalanced.py:68] INFO     meta_val_query: 15
[2021-09-01 02:54:07 train_imbalanced.py:68] INFO     meta_val_shot: 5
[2021-09-01 02:54:07 train_imbalanced.py:68] INFO     meta_val_way: 5
[2021-09-01 02:54:07 train_imbalanced.py:68] INFO     mix_train: False
[2021-09-01 02:54:07 train_imbalanced.py:68] INFO     nesterov: False
[2021-09-01 02:54:07 train_imbalanced.py:68] INFO     no_meta_eval: False
[2021-09-01 02:54:07 train_imbalanced.py:68] INFO     num_NN: 1
[2021-09-01 02:54:07 train_imbalanced.py:68] INFO     num_classes: 64
[2021-09-01 02:54:07 train_imbalanced.py:68] INFO     optimizer: SGD
[2021-09-01 02:54:07 train_imbalanced.py:68] INFO     pointing_aug_equalperclass_num: 1
[2021-09-01 02:54:07 train_imbalanced.py:68] INFO     pointing_aug_eval: True
[2021-09-01 02:54:07 train_imbalanced.py:68] INFO     pointing_aug_randomgeneration_num: 500
[2021-09-01 02:54:07 train_imbalanced.py:68] INFO     pointing_aug_sample_type: random_generation
[2021-09-01 02:54:07 train_imbalanced.py:68] INFO     pointing_aug_selectclass_num: 500
[2021-09-01 02:54:07 train_imbalanced.py:68] INFO     pretrain: None
[2021-09-01 02:54:07 train_imbalanced.py:68] INFO     print_freq: 50
[2021-09-01 02:54:07 train_imbalanced.py:68] INFO     save_path: ./result_mini_paper
[2021-09-01 02:54:07 train_imbalanced.py:68] INFO     scheduler: multi_step
[2021-09-01 02:54:07 train_imbalanced.py:68] INFO     seed: 0
[2021-09-01 02:54:07 train_imbalanced.py:68] INFO     select_class_metric: UN
[2021-09-01 02:54:07 train_imbalanced.py:68] INFO     select_class_type: random
[2021-09-01 02:54:07 train_imbalanced.py:68] INFO     split_dir: ./split/mini/
[2021-09-01 02:54:07 train_imbalanced.py:68] INFO     start_epoch: 0
[2021-09-01 02:54:07 train_imbalanced.py:68] INFO     triplet_base: 1
[2021-09-01 02:54:07 train_imbalanced.py:68] INFO     triplet_batch: 100
[2021-09-01 02:54:07 train_imbalanced.py:68] INFO     triplet_diff: 1
[2021-09-01 02:54:07 train_imbalanced.py:68] INFO     triplet_iter: 10000
[2021-09-01 02:54:07 train_imbalanced.py:68] INFO     triplet_metric: euclidean
[2021-09-01 02:54:07 train_imbalanced.py:68] INFO     triplet_rand: False
[2021-09-01 02:54:07 train_imbalanced.py:68] INFO     triplet_same: 1
[2021-09-01 02:54:07 train_imbalanced.py:68] INFO     trp_train: False
[2021-09-01 02:54:07 train_imbalanced.py:68] INFO     weight_decay: 0.0001
[2021-09-01 02:54:07 train_imbalanced.py:68] INFO     workers: 40
[2021-09-01 02:54:07 train_imbalanced.py:83] INFO     => creating model 'resnet18'
[2021-09-01 03:06:03 train_imbalanced.py:1718] INFO     Meta Test: LAST
How_Close_Factor=0.9
feature	UN	L2N	CL2N
GVP 1Shot	0.5869(0.0020)	0.6201(0.0020)	0.6319(0.0020)
GVP_5Shot	0.7737(0.0015)	0.7939(0.0014)	0.7848(0.0015)
[2021-09-01 03:14:38 train_imbalanced.py:1718] INFO     Meta Test: LAST
How_Close_Factor=0.7
feature	UN	L2N	CL2N
GVP 1Shot	0.5085(0.0023)	0.6362(0.0020)	0.6343(0.0019)
GVP_5Shot	0.6580(0.0022)	0.7859(0.0014)	0.7562(0.0016)
[2021-09-01 03:23:22 train_imbalanced.py:1718] INFO     Meta Test: LAST
How_Close_Factor=0.5
feature	UN	L2N	CL2N
GVP 1Shot	0.4193(0.0025)	0.6365(0.0019)	0.6303(0.0019)
GVP_5Shot	0.5303(0.0028)	0.7735(0.0015)	0.7605(0.0016)
[2021-09-01 03:31:57 train_imbalanced.py:1718] INFO     Meta Test: LAST
How_Close_Factor=0.3
feature	UN	L2N	CL2N
GVP 1Shot	0.3612(0.0024)	0.6319(0.0019)	0.6286(0.0019)
GVP_5Shot	0.4455(0.0030)	0.7630(0.0015)	0.7603(0.0016)
[2021-09-01 03:40:40 train_imbalanced.py:1718] INFO     Meta Test: LAST
How_Close_Factor=0.1
feature	UN	L2N	CL2N
GVP 1Shot	0.3247(0.0023)	0.6266(0.0019)	0.6287(0.0019)
GVP_5Shot	0.3919(0.0029)	0.7557(0.0015)	0.7603(0.0016)
[2021-09-01 03:49:14 train_imbalanced.py:1718] INFO     Meta Test: LAST
How_Close_Factor=0
feature	UN	L2N	CL2N
GVP 1Shot	0.2000(0.0000)	0.2000(0.0000)	0.2000(0.0000)
GVP_5Shot	0.2000(0.0000)	0.2000(0.0000)	0.2000(0.0000)
