[2021-08-31 20:53:57 train_imbalanced.py:68] INFO     analyze: False
[2021-08-31 20:53:57 train_imbalanced.py:68] INFO     anlz_FC: False
[2021-08-31 20:53:57 train_imbalanced.py:68] INFO     anlz_base: 1
[2021-08-31 20:53:57 train_imbalanced.py:68] INFO     anlz_class: 2
[2021-08-31 20:53:57 train_imbalanced.py:68] INFO     anlz_diff: 1
[2021-08-31 20:53:57 train_imbalanced.py:68] INFO     anlz_interval: 1
[2021-08-31 20:53:57 train_imbalanced.py:68] INFO     anlz_iter: 1000
[2021-08-31 20:53:57 train_imbalanced.py:68] INFO     anlz_metric: euclidean
[2021-08-31 20:53:57 train_imbalanced.py:68] INFO     anlz_rand: False
[2021-08-31 20:53:57 train_imbalanced.py:68] INFO     anlz_same: 1
[2021-08-31 20:53:57 train_imbalanced.py:68] INFO     arch: resnet18
[2021-08-31 20:53:57 train_imbalanced.py:68] INFO     batch_size: 256
[2021-08-31 20:53:57 train_imbalanced.py:68] INFO     case_study: False
[2021-08-31 20:53:57 train_imbalanced.py:68] INFO     ce_train: True
[2021-08-31 20:53:57 train_imbalanced.py:68] INFO     clone_augment_method: randomresizedcrop
[2021-08-31 20:53:57 train_imbalanced.py:68] INFO     clone_factor_1shot: 20
[2021-08-31 20:53:57 train_imbalanced.py:68] INFO     clone_factor_5shot: 4
[2021-08-31 20:53:57 train_imbalanced.py:68] INFO     config: ./configs/pointing_augment.config
[2021-08-31 20:53:57 train_imbalanced.py:68] INFO     data: ./images/
[2021-08-31 20:53:57 train_imbalanced.py:68] INFO     data_type: miniImageNet
[2021-08-31 20:53:57 train_imbalanced.py:68] INFO     disable_random_resize: False
[2021-08-31 20:53:57 train_imbalanced.py:68] INFO     disable_tqdm: False
[2021-08-31 20:53:57 train_imbalanced.py:68] INFO     disable_train_augment: False
[2021-08-31 20:53:57 train_imbalanced.py:68] INFO     do_imbal_eval: False
[2021-08-31 20:53:57 train_imbalanced.py:68] INFO     do_imbal_train: False
[2021-08-31 20:53:57 train_imbalanced.py:68] INFO     do_meta_train: False
[2021-08-31 20:53:57 train_imbalanced.py:68] INFO     enlarge: False
[2021-08-31 20:53:57 train_imbalanced.py:68] INFO     epochs: 100
[2021-08-31 20:53:57 train_imbalanced.py:68] INFO     eval_fc: False
[2021-08-31 20:53:57 train_imbalanced.py:68] INFO     evaluate: False
[2021-08-31 20:53:57 train_imbalanced.py:68] INFO     imbal_iter: 500
[2021-08-31 20:53:57 train_imbalanced.py:68] INFO     imbal_shot: 5
[2021-08-31 20:53:57 train_imbalanced.py:68] INFO     imbal_way: 5
[2021-08-31 20:53:57 train_imbalanced.py:68] INFO     logname: Cloning_equalperclass_50.log
[2021-08-31 20:53:57 train_imbalanced.py:68] INFO     lr: 0.1
[2021-08-31 20:53:57 train_imbalanced.py:68] INFO     lr_gamma: 0.1
[2021-08-31 20:53:57 train_imbalanced.py:68] INFO     lr_stepsize: 30
[2021-08-31 20:53:57 train_imbalanced.py:68] INFO     meta_cloning: True
[2021-08-31 20:53:57 train_imbalanced.py:68] INFO     meta_test_iter: 10000
[2021-08-31 20:53:57 train_imbalanced.py:68] INFO     meta_train_iter: 100
[2021-08-31 20:53:57 train_imbalanced.py:68] INFO     meta_train_metric: euclidean
[2021-08-31 20:53:57 train_imbalanced.py:68] INFO     meta_train_query: 15
[2021-08-31 20:53:57 train_imbalanced.py:68] INFO     meta_train_shot: 1
[2021-08-31 20:53:57 train_imbalanced.py:68] INFO     meta_train_way: 30
[2021-08-31 20:53:57 train_imbalanced.py:68] INFO     meta_val_interval: 10
[2021-08-31 20:53:57 train_imbalanced.py:68] INFO     meta_val_iter: 500
[2021-08-31 20:53:57 train_imbalanced.py:68] INFO     meta_val_metric: euclidean
[2021-08-31 20:53:57 train_imbalanced.py:68] INFO     meta_val_query: 15
[2021-08-31 20:53:57 train_imbalanced.py:68] INFO     meta_val_shot: 5
[2021-08-31 20:53:57 train_imbalanced.py:68] INFO     meta_val_way: 5
[2021-08-31 20:53:57 train_imbalanced.py:68] INFO     mix_train: False
[2021-08-31 20:53:57 train_imbalanced.py:68] INFO     nesterov: False
[2021-08-31 20:53:57 train_imbalanced.py:68] INFO     no_meta_eval: False
[2021-08-31 20:53:57 train_imbalanced.py:68] INFO     num_NN: 1
[2021-08-31 20:53:57 train_imbalanced.py:68] INFO     num_classes: 64
[2021-08-31 20:53:57 train_imbalanced.py:68] INFO     optimizer: SGD
[2021-08-31 20:53:57 train_imbalanced.py:68] INFO     pointing_aug_equalperclass_num: 50
[2021-08-31 20:53:57 train_imbalanced.py:68] INFO     pointing_aug_eval: True
[2021-08-31 20:53:57 train_imbalanced.py:68] INFO     pointing_aug_randomgeneration_num: 10
[2021-08-31 20:53:57 train_imbalanced.py:68] INFO     pointing_aug_sample_type: equal_per_class
[2021-08-31 20:53:57 train_imbalanced.py:68] INFO     pointing_aug_selectclass_num: 1
[2021-08-31 20:53:57 train_imbalanced.py:68] INFO     pretrain: None
[2021-08-31 20:53:57 train_imbalanced.py:68] INFO     print_freq: 50
[2021-08-31 20:53:57 train_imbalanced.py:68] INFO     save_path: ./result_mini_paper
[2021-08-31 20:53:57 train_imbalanced.py:68] INFO     scheduler: multi_step
[2021-08-31 20:53:57 train_imbalanced.py:68] INFO     seed: 0
[2021-08-31 20:53:57 train_imbalanced.py:68] INFO     select_class_metric: UN
[2021-08-31 20:53:57 train_imbalanced.py:68] INFO     select_class_type: random
[2021-08-31 20:53:57 train_imbalanced.py:68] INFO     split_dir: ./split/mini/
[2021-08-31 20:53:57 train_imbalanced.py:68] INFO     start_epoch: 0
[2021-08-31 20:53:57 train_imbalanced.py:68] INFO     triplet_base: 1
[2021-08-31 20:53:57 train_imbalanced.py:68] INFO     triplet_batch: 100
[2021-08-31 20:53:57 train_imbalanced.py:68] INFO     triplet_diff: 1
[2021-08-31 20:53:57 train_imbalanced.py:68] INFO     triplet_iter: 10000
[2021-08-31 20:53:57 train_imbalanced.py:68] INFO     triplet_metric: euclidean
[2021-08-31 20:53:57 train_imbalanced.py:68] INFO     triplet_rand: False
[2021-08-31 20:53:57 train_imbalanced.py:68] INFO     triplet_same: 1
[2021-08-31 20:53:57 train_imbalanced.py:68] INFO     trp_train: False
[2021-08-31 20:53:57 train_imbalanced.py:68] INFO     weight_decay: 0.0001
[2021-08-31 20:53:57 train_imbalanced.py:68] INFO     workers: 40
[2021-08-31 20:53:57 train_imbalanced.py:83] INFO     => creating model 'resnet18'
