[2021-08-31 15:43:37 train_imbalanced.py:68] INFO     analyze: False
[2021-08-31 15:43:37 train_imbalanced.py:68] INFO     anlz_FC: False
[2021-08-31 15:43:37 train_imbalanced.py:68] INFO     anlz_base: 1
[2021-08-31 15:43:37 train_imbalanced.py:68] INFO     anlz_class: 2
[2021-08-31 15:43:37 train_imbalanced.py:68] INFO     anlz_diff: 1
[2021-08-31 15:43:37 train_imbalanced.py:68] INFO     anlz_interval: 1
[2021-08-31 15:43:37 train_imbalanced.py:68] INFO     anlz_iter: 1000
[2021-08-31 15:43:37 train_imbalanced.py:68] INFO     anlz_metric: euclidean
[2021-08-31 15:43:37 train_imbalanced.py:68] INFO     anlz_rand: False
[2021-08-31 15:43:37 train_imbalanced.py:68] INFO     anlz_same: 1
[2021-08-31 15:43:37 train_imbalanced.py:68] INFO     arch: resnet18
[2021-08-31 15:43:37 train_imbalanced.py:68] INFO     batch_size: 256
[2021-08-31 15:43:37 train_imbalanced.py:68] INFO     case_study: False
[2021-08-31 15:43:37 train_imbalanced.py:68] INFO     ce_train: True
[2021-08-31 15:43:37 train_imbalanced.py:68] INFO     clone_augment_method: randomresizedcrop
[2021-08-31 15:43:37 train_imbalanced.py:68] INFO     clone_factor_1shot: 1
[2021-08-31 15:43:37 train_imbalanced.py:68] INFO     clone_factor_5shot: 1
[2021-08-31 15:43:37 train_imbalanced.py:68] INFO     config: ./configs/pointing_augment.config
[2021-08-31 15:43:37 train_imbalanced.py:68] INFO     data: ./images/
[2021-08-31 15:43:37 train_imbalanced.py:68] INFO     data_type: miniImageNet
[2021-08-31 15:43:37 train_imbalanced.py:68] INFO     disable_random_resize: False
[2021-08-31 15:43:37 train_imbalanced.py:68] INFO     disable_tqdm: False
[2021-08-31 15:43:37 train_imbalanced.py:68] INFO     disable_train_augment: False
[2021-08-31 15:43:37 train_imbalanced.py:68] INFO     do_imbal_eval: False
[2021-08-31 15:43:37 train_imbalanced.py:68] INFO     do_imbal_train: False
[2021-08-31 15:43:37 train_imbalanced.py:68] INFO     do_meta_train: False
[2021-08-31 15:43:37 train_imbalanced.py:68] INFO     enlarge: False
[2021-08-31 15:43:37 train_imbalanced.py:68] INFO     epochs: 100
[2021-08-31 15:43:37 train_imbalanced.py:68] INFO     eval_fc: False
[2021-08-31 15:43:37 train_imbalanced.py:68] INFO     evaluate: False
[2021-08-31 15:43:37 train_imbalanced.py:68] INFO     imbal_iter: 500
[2021-08-31 15:43:37 train_imbalanced.py:68] INFO     imbal_shot: 5
[2021-08-31 15:43:37 train_imbalanced.py:68] INFO     imbal_way: 5
[2021-08-31 15:43:37 train_imbalanced.py:68] INFO     logname: Pointing_selectclass_10.log
[2021-08-31 15:43:37 train_imbalanced.py:68] INFO     lr: 0.1
[2021-08-31 15:43:37 train_imbalanced.py:68] INFO     lr_gamma: 0.1
[2021-08-31 15:43:37 train_imbalanced.py:68] INFO     lr_stepsize: 30
[2021-08-31 15:43:37 train_imbalanced.py:68] INFO     meta_cloning: False
[2021-08-31 15:43:37 train_imbalanced.py:68] INFO     meta_test_iter: 10000
[2021-08-31 15:43:37 train_imbalanced.py:68] INFO     meta_train_iter: 100
[2021-08-31 15:43:37 train_imbalanced.py:68] INFO     meta_train_metric: euclidean
[2021-08-31 15:43:37 train_imbalanced.py:68] INFO     meta_train_query: 15
[2021-08-31 15:43:37 train_imbalanced.py:68] INFO     meta_train_shot: 1
[2021-08-31 15:43:37 train_imbalanced.py:68] INFO     meta_train_way: 30
[2021-08-31 15:43:37 train_imbalanced.py:68] INFO     meta_val_interval: 10
[2021-08-31 15:43:37 train_imbalanced.py:68] INFO     meta_val_iter: 500
[2021-08-31 15:43:37 train_imbalanced.py:68] INFO     meta_val_metric: euclidean
[2021-08-31 15:43:37 train_imbalanced.py:68] INFO     meta_val_query: 15
[2021-08-31 15:43:37 train_imbalanced.py:68] INFO     meta_val_shot: 5
[2021-08-31 15:43:37 train_imbalanced.py:68] INFO     meta_val_way: 5
[2021-08-31 15:43:37 train_imbalanced.py:68] INFO     mix_train: False
[2021-08-31 15:43:37 train_imbalanced.py:68] INFO     nesterov: False
[2021-08-31 15:43:37 train_imbalanced.py:68] INFO     no_meta_eval: False
[2021-08-31 15:43:37 train_imbalanced.py:68] INFO     num_NN: 1
[2021-08-31 15:43:37 train_imbalanced.py:68] INFO     num_classes: 64
[2021-08-31 15:43:37 train_imbalanced.py:68] INFO     optimizer: SGD
[2021-08-31 15:43:37 train_imbalanced.py:68] INFO     pointing_aug_equalperclass_num: 50
[2021-08-31 15:43:37 train_imbalanced.py:68] INFO     pointing_aug_eval: True
[2021-08-31 15:43:37 train_imbalanced.py:68] INFO     pointing_aug_randomgeneration_num: 500
[2021-08-31 15:43:37 train_imbalanced.py:68] INFO     pointing_aug_sample_type: select_class
[2021-08-31 15:43:37 train_imbalanced.py:68] INFO     pointing_aug_selectclass_num: 10
[2021-08-31 15:43:37 train_imbalanced.py:68] INFO     pretrain: None
[2021-08-31 15:43:37 train_imbalanced.py:68] INFO     print_freq: 50
[2021-08-31 15:43:37 train_imbalanced.py:68] INFO     save_path: ./result_mini_paper
[2021-08-31 15:43:37 train_imbalanced.py:68] INFO     scheduler: multi_step
[2021-08-31 15:43:37 train_imbalanced.py:68] INFO     seed: 0
[2021-08-31 15:43:37 train_imbalanced.py:68] INFO     select_class_metric: UN
[2021-08-31 15:43:37 train_imbalanced.py:68] INFO     select_class_type: random
[2021-08-31 15:43:37 train_imbalanced.py:68] INFO     split_dir: ./split/mini/
[2021-08-31 15:43:37 train_imbalanced.py:68] INFO     start_epoch: 0
[2021-08-31 15:43:37 train_imbalanced.py:68] INFO     triplet_base: 1
[2021-08-31 15:43:37 train_imbalanced.py:68] INFO     triplet_batch: 100
[2021-08-31 15:43:37 train_imbalanced.py:68] INFO     triplet_diff: 1
[2021-08-31 15:43:37 train_imbalanced.py:68] INFO     triplet_iter: 10000
[2021-08-31 15:43:37 train_imbalanced.py:68] INFO     triplet_metric: euclidean
[2021-08-31 15:43:37 train_imbalanced.py:68] INFO     triplet_rand: False
[2021-08-31 15:43:37 train_imbalanced.py:68] INFO     triplet_same: 1
[2021-08-31 15:43:37 train_imbalanced.py:68] INFO     trp_train: False
[2021-08-31 15:43:37 train_imbalanced.py:68] INFO     weight_decay: 0.0001
[2021-08-31 15:43:37 train_imbalanced.py:68] INFO     workers: 40
[2021-08-31 15:43:37 train_imbalanced.py:83] INFO     => creating model 'resnet18'
[2021-08-31 15:47:15 train_imbalanced.py:1719] INFO     Meta Test: LAST
How_Close_Factor=0.9
feature	UN	L2N	CL2N
GVP 1Shot	0.5661(0.0020)	0.5988(0.0020)	0.6235(0.0020)
GVP_5Shot	0.7821(0.0015)	0.7921(0.0014)	0.7922(0.0015)
[2021-08-31 15:49:07 train_imbalanced.py:1719] INFO     Meta Test: LAST
How_Close_Factor=0.8
feature	UN	L2N	CL2N
GVP 1Shot	0.5767(0.0020)	0.6053(0.0020)	0.6252(0.0020)
GVP_5Shot	0.7827(0.0015)	0.7915(0.0015)	0.7908(0.0015)
[2021-08-31 15:50:59 train_imbalanced.py:1719] INFO     Meta Test: LAST
How_Close_Factor=0.7
feature	UN	L2N	CL2N
GVP 1Shot	0.5832(0.0021)	0.6070(0.0021)	0.6238(0.0020)
GVP_5Shot	0.7806(0.0015)	0.7885(0.0015)	0.7870(0.0015)
[2021-08-31 15:52:52 train_imbalanced.py:1719] INFO     Meta Test: LAST
How_Close_Factor=0.6
feature	UN	L2N	CL2N
GVP 1Shot	0.5837(0.0021)	0.6034(0.0021)	0.6181(0.0021)
GVP_5Shot	0.7756(0.0015)	0.7824(0.0015)	0.7800(0.0015)
[2021-08-31 15:54:44 train_imbalanced.py:1719] INFO     Meta Test: LAST
How_Close_Factor=0.5
feature	UN	L2N	CL2N
GVP 1Shot	0.5780(0.0021)	0.5950(0.0021)	0.6088(0.0021)
GVP_5Shot	0.7668(0.0015)	0.7723(0.0015)	0.7691(0.0015)
[2021-08-31 15:56:36 train_imbalanced.py:1719] INFO     Meta Test: LAST
How_Close_Factor=0.4
feature	UN	L2N	CL2N
GVP 1Shot	0.5638(0.0022)	0.5802(0.0022)	0.5935(0.0022)
GVP_5Shot	0.7537(0.0016)	0.7591(0.0016)	0.7546(0.0016)
[2021-08-31 15:58:29 train_imbalanced.py:1719] INFO     Meta Test: LAST
How_Close_Factor=0.3
feature	UN	L2N	CL2N
GVP 1Shot	0.5442(0.0022)	0.5608(0.0022)	0.5751(0.0022)
GVP_5Shot	0.7357(0.0017)	0.7406(0.0017)	0.7355(0.0017)
[2021-08-31 16:00:21 train_imbalanced.py:1719] INFO     Meta Test: LAST
How_Close_Factor=0.2
feature	UN	L2N	CL2N
GVP 1Shot	0.5195(0.0022)	0.5373(0.0023)	0.5522(0.0023)
GVP_5Shot	0.7123(0.0018)	0.7171(0.0018)	0.7104(0.0018)
[2021-08-31 16:02:13 train_imbalanced.py:1719] INFO     Meta Test: LAST
How_Close_Factor=0.1
feature	UN	L2N	CL2N
GVP 1Shot	0.4881(0.0023)	0.5090(0.0023)	0.5243(0.0023)
GVP_5Shot	0.6817(0.0019)	0.6886(0.0018)	0.6808(0.0019)
[2021-08-31 16:04:05 train_imbalanced.py:1719] INFO     Meta Test: LAST
How_Close_Factor=0
feature	UN	L2N	CL2N
GVP 1Shot	0.4585(0.0023)	0.4822(0.0023)	0.4964(0.0023)
GVP_5Shot	0.6471(0.0020)	0.6559(0.0019)	0.6472(0.0020)
