[2021-08-31 16:32:17 train_imbalanced.py:68] INFO     analyze: False
[2021-08-31 16:32:17 train_imbalanced.py:68] INFO     anlz_FC: False
[2021-08-31 16:32:17 train_imbalanced.py:68] INFO     anlz_base: 1
[2021-08-31 16:32:17 train_imbalanced.py:68] INFO     anlz_class: 2
[2021-08-31 16:32:17 train_imbalanced.py:68] INFO     anlz_diff: 1
[2021-08-31 16:32:17 train_imbalanced.py:68] INFO     anlz_interval: 1
[2021-08-31 16:32:17 train_imbalanced.py:68] INFO     anlz_iter: 1000
[2021-08-31 16:32:17 train_imbalanced.py:68] INFO     anlz_metric: euclidean
[2021-08-31 16:32:17 train_imbalanced.py:68] INFO     anlz_rand: False
[2021-08-31 16:32:17 train_imbalanced.py:68] INFO     anlz_same: 1
[2021-08-31 16:32:17 train_imbalanced.py:68] INFO     arch: resnet18
[2021-08-31 16:32:17 train_imbalanced.py:68] INFO     batch_size: 256
[2021-08-31 16:32:17 train_imbalanced.py:68] INFO     case_study: False
[2021-08-31 16:32:17 train_imbalanced.py:68] INFO     ce_train: True
[2021-08-31 16:32:17 train_imbalanced.py:68] INFO     clone_augment_method: randomresizedcrop
[2021-08-31 16:32:17 train_imbalanced.py:68] INFO     clone_factor_1shot: 1
[2021-08-31 16:32:17 train_imbalanced.py:68] INFO     clone_factor_5shot: 1
[2021-08-31 16:32:17 train_imbalanced.py:68] INFO     config: ./configs/pointing_augment.config
[2021-08-31 16:32:17 train_imbalanced.py:68] INFO     data: ./images/
[2021-08-31 16:32:17 train_imbalanced.py:68] INFO     data_type: miniImageNet
[2021-08-31 16:32:17 train_imbalanced.py:68] INFO     disable_random_resize: False
[2021-08-31 16:32:17 train_imbalanced.py:68] INFO     disable_tqdm: False
[2021-08-31 16:32:17 train_imbalanced.py:68] INFO     disable_train_augment: False
[2021-08-31 16:32:17 train_imbalanced.py:68] INFO     do_imbal_eval: False
[2021-08-31 16:32:17 train_imbalanced.py:68] INFO     do_imbal_train: False
[2021-08-31 16:32:17 train_imbalanced.py:68] INFO     do_meta_train: False
[2021-08-31 16:32:17 train_imbalanced.py:68] INFO     enlarge: False
[2021-08-31 16:32:17 train_imbalanced.py:68] INFO     epochs: 100
[2021-08-31 16:32:17 train_imbalanced.py:68] INFO     eval_fc: False
[2021-08-31 16:32:17 train_imbalanced.py:68] INFO     evaluate: False
[2021-08-31 16:32:17 train_imbalanced.py:68] INFO     imbal_iter: 500
[2021-08-31 16:32:17 train_imbalanced.py:68] INFO     imbal_shot: 5
[2021-08-31 16:32:17 train_imbalanced.py:68] INFO     imbal_way: 5
[2021-08-31 16:32:17 train_imbalanced.py:68] INFO     logname: Pointing_selectclass_500.log
[2021-08-31 16:32:17 train_imbalanced.py:68] INFO     lr: 0.1
[2021-08-31 16:32:17 train_imbalanced.py:68] INFO     lr_gamma: 0.1
[2021-08-31 16:32:17 train_imbalanced.py:68] INFO     lr_stepsize: 30
[2021-08-31 16:32:17 train_imbalanced.py:68] INFO     meta_cloning: False
[2021-08-31 16:32:17 train_imbalanced.py:68] INFO     meta_test_iter: 10000
[2021-08-31 16:32:17 train_imbalanced.py:68] INFO     meta_train_iter: 100
[2021-08-31 16:32:17 train_imbalanced.py:68] INFO     meta_train_metric: euclidean
[2021-08-31 16:32:17 train_imbalanced.py:68] INFO     meta_train_query: 15
[2021-08-31 16:32:17 train_imbalanced.py:68] INFO     meta_train_shot: 1
[2021-08-31 16:32:17 train_imbalanced.py:68] INFO     meta_train_way: 30
[2021-08-31 16:32:17 train_imbalanced.py:68] INFO     meta_val_interval: 10
[2021-08-31 16:32:17 train_imbalanced.py:68] INFO     meta_val_iter: 500
[2021-08-31 16:32:17 train_imbalanced.py:68] INFO     meta_val_metric: euclidean
[2021-08-31 16:32:17 train_imbalanced.py:68] INFO     meta_val_query: 15
[2021-08-31 16:32:17 train_imbalanced.py:68] INFO     meta_val_shot: 5
[2021-08-31 16:32:17 train_imbalanced.py:68] INFO     meta_val_way: 5
[2021-08-31 16:32:17 train_imbalanced.py:68] INFO     mix_train: False
[2021-08-31 16:32:17 train_imbalanced.py:68] INFO     nesterov: False
[2021-08-31 16:32:17 train_imbalanced.py:68] INFO     no_meta_eval: False
[2021-08-31 16:32:17 train_imbalanced.py:68] INFO     num_NN: 1
[2021-08-31 16:32:17 train_imbalanced.py:68] INFO     num_classes: 64
[2021-08-31 16:32:17 train_imbalanced.py:68] INFO     optimizer: SGD
[2021-08-31 16:32:17 train_imbalanced.py:68] INFO     pointing_aug_equalperclass_num: 50
[2021-08-31 16:32:17 train_imbalanced.py:68] INFO     pointing_aug_eval: True
[2021-08-31 16:32:17 train_imbalanced.py:68] INFO     pointing_aug_randomgeneration_num: 500
[2021-08-31 16:32:17 train_imbalanced.py:68] INFO     pointing_aug_sample_type: select_class
[2021-08-31 16:32:17 train_imbalanced.py:68] INFO     pointing_aug_selectclass_num: 500
[2021-08-31 16:32:17 train_imbalanced.py:68] INFO     pretrain: None
[2021-08-31 16:32:17 train_imbalanced.py:68] INFO     print_freq: 50
[2021-08-31 16:32:17 train_imbalanced.py:68] INFO     save_path: ./result_mini_paper
[2021-08-31 16:32:17 train_imbalanced.py:68] INFO     scheduler: multi_step
[2021-08-31 16:32:17 train_imbalanced.py:68] INFO     seed: 0
[2021-08-31 16:32:17 train_imbalanced.py:68] INFO     select_class_metric: UN
[2021-08-31 16:32:17 train_imbalanced.py:68] INFO     select_class_type: random
[2021-08-31 16:32:17 train_imbalanced.py:68] INFO     split_dir: ./split/mini/
[2021-08-31 16:32:17 train_imbalanced.py:68] INFO     start_epoch: 0
[2021-08-31 16:32:17 train_imbalanced.py:68] INFO     triplet_base: 1
[2021-08-31 16:32:17 train_imbalanced.py:68] INFO     triplet_batch: 100
[2021-08-31 16:32:17 train_imbalanced.py:68] INFO     triplet_diff: 1
[2021-08-31 16:32:17 train_imbalanced.py:68] INFO     triplet_iter: 10000
[2021-08-31 16:32:17 train_imbalanced.py:68] INFO     triplet_metric: euclidean
[2021-08-31 16:32:17 train_imbalanced.py:68] INFO     triplet_rand: False
[2021-08-31 16:32:17 train_imbalanced.py:68] INFO     triplet_same: 1
[2021-08-31 16:32:17 train_imbalanced.py:68] INFO     trp_train: False
[2021-08-31 16:32:17 train_imbalanced.py:68] INFO     weight_decay: 0.0001
[2021-08-31 16:32:17 train_imbalanced.py:68] INFO     workers: 40
[2021-08-31 16:32:17 train_imbalanced.py:83] INFO     => creating model 'resnet18'
[2021-08-31 16:39:44 train_imbalanced.py:1719] INFO     Meta Test: LAST
How_Close_Factor=0.9
feature	UN	L2N	CL2N
GVP 1Shot	0.5662(0.0021)	0.5990(0.0020)	0.6238(0.0020)
GVP_5Shot	0.7822(0.0015)	0.7922(0.0014)	0.7922(0.0015)
[2021-08-31 16:45:25 train_imbalanced.py:1719] INFO     Meta Test: LAST
How_Close_Factor=0.8
feature	UN	L2N	CL2N
GVP 1Shot	0.5774(0.0020)	0.6058(0.0020)	0.6257(0.0020)
GVP_5Shot	0.7830(0.0015)	0.7919(0.0015)	0.7910(0.0015)
[2021-08-31 16:51:06 train_imbalanced.py:1719] INFO     Meta Test: LAST
How_Close_Factor=0.7
feature	UN	L2N	CL2N
GVP 1Shot	0.5847(0.0021)	0.6085(0.0021)	0.6249(0.0020)
GVP_5Shot	0.7814(0.0015)	0.7891(0.0015)	0.7875(0.0015)
[2021-08-31 16:56:48 train_imbalanced.py:1719] INFO     Meta Test: LAST
How_Close_Factor=0.6
feature	UN	L2N	CL2N
GVP 1Shot	0.5870(0.0021)	0.6063(0.0021)	0.6206(0.0021)
GVP_5Shot	0.7772(0.0015)	0.7835(0.0015)	0.7811(0.0015)
[2021-08-31 17:02:29 train_imbalanced.py:1719] INFO     Meta Test: LAST
How_Close_Factor=0.5
feature	UN	L2N	CL2N
GVP 1Shot	0.5836(0.0021)	0.5994(0.0021)	0.6119(0.0021)
GVP_5Shot	0.7694(0.0015)	0.7747(0.0015)	0.7712(0.0015)
[2021-08-31 17:08:11 train_imbalanced.py:1719] INFO     Meta Test: LAST
How_Close_Factor=0.4
feature	UN	L2N	CL2N
GVP 1Shot	0.5735(0.0022)	0.5869(0.0022)	0.5995(0.0021)
GVP_5Shot	0.7576(0.0016)	0.7620(0.0016)	0.7574(0.0016)
[2021-08-31 17:13:52 train_imbalanced.py:1719] INFO     Meta Test: LAST
How_Close_Factor=0.3
feature	UN	L2N	CL2N
GVP 1Shot	0.5566(0.0022)	0.5699(0.0022)	0.5826(0.0022)
GVP_5Shot	0.7412(0.0017)	0.7445(0.0017)	0.7384(0.0017)
[2021-08-31 17:19:33 train_imbalanced.py:1719] INFO     Meta Test: LAST
How_Close_Factor=0.2
feature	UN	L2N	CL2N
GVP 1Shot	0.5351(0.0022)	0.5488(0.0023)	0.5620(0.0022)
GVP_5Shot	0.7191(0.0017)	0.7224(0.0017)	0.7151(0.0017)
[2021-08-31 17:25:15 train_imbalanced.py:1719] INFO     Meta Test: LAST
How_Close_Factor=0.1
feature	UN	L2N	CL2N
GVP 1Shot	0.5096(0.0023)	0.5256(0.0023)	0.5386(0.0023)
GVP_5Shot	0.6910(0.0018)	0.6957(0.0018)	0.6862(0.0018)
[2021-08-31 17:30:56 train_imbalanced.py:1719] INFO     Meta Test: LAST
How_Close_Factor=0
feature	UN	L2N	CL2N
GVP 1Shot	0.4741(0.0023)	0.4922(0.0024)	0.5050(0.0023)
GVP_5Shot	0.6575(0.0019)	0.6640(0.0019)	0.6527(0.0019)
