[2021-08-31 11:46:01 train_imbalanced.py:68] INFO     analyze: False
[2021-08-31 11:46:01 train_imbalanced.py:68] INFO     anlz_FC: False
[2021-08-31 11:46:01 train_imbalanced.py:68] INFO     anlz_base: 1
[2021-08-31 11:46:01 train_imbalanced.py:68] INFO     anlz_class: 2
[2021-08-31 11:46:01 train_imbalanced.py:68] INFO     anlz_diff: 1
[2021-08-31 11:46:01 train_imbalanced.py:68] INFO     anlz_interval: 1
[2021-08-31 11:46:01 train_imbalanced.py:68] INFO     anlz_iter: 1000
[2021-08-31 11:46:01 train_imbalanced.py:68] INFO     anlz_metric: euclidean
[2021-08-31 11:46:01 train_imbalanced.py:68] INFO     anlz_rand: False
[2021-08-31 11:46:01 train_imbalanced.py:68] INFO     anlz_same: 1
[2021-08-31 11:46:01 train_imbalanced.py:68] INFO     arch: resnet18
[2021-08-31 11:46:01 train_imbalanced.py:68] INFO     batch_size: 256
[2021-08-31 11:46:01 train_imbalanced.py:68] INFO     case_study: False
[2021-08-31 11:46:01 train_imbalanced.py:68] INFO     ce_train: True
[2021-08-31 11:46:01 train_imbalanced.py:68] INFO     clone_augment_method: randomresizedcrop
[2021-08-31 11:46:01 train_imbalanced.py:68] INFO     clone_factor_1shot: 1
[2021-08-31 11:46:01 train_imbalanced.py:68] INFO     clone_factor_5shot: 1
[2021-08-31 11:46:01 train_imbalanced.py:68] INFO     config: ./configs/pointing_augment.config
[2021-08-31 11:46:01 train_imbalanced.py:68] INFO     data: ./images/
[2021-08-31 11:46:01 train_imbalanced.py:68] INFO     data_type: miniImageNet
[2021-08-31 11:46:01 train_imbalanced.py:68] INFO     disable_random_resize: False
[2021-08-31 11:46:01 train_imbalanced.py:68] INFO     disable_tqdm: False
[2021-08-31 11:46:01 train_imbalanced.py:68] INFO     disable_train_augment: False
[2021-08-31 11:46:01 train_imbalanced.py:68] INFO     do_imbal_eval: False
[2021-08-31 11:46:01 train_imbalanced.py:68] INFO     do_imbal_train: False
[2021-08-31 11:46:01 train_imbalanced.py:68] INFO     do_meta_train: False
[2021-08-31 11:46:01 train_imbalanced.py:68] INFO     enlarge: False
[2021-08-31 11:46:01 train_imbalanced.py:68] INFO     epochs: 100
[2021-08-31 11:46:01 train_imbalanced.py:68] INFO     eval_fc: False
[2021-08-31 11:46:01 train_imbalanced.py:68] INFO     evaluate: False
[2021-08-31 11:46:01 train_imbalanced.py:68] INFO     imbal_iter: 500
[2021-08-31 11:46:01 train_imbalanced.py:68] INFO     imbal_shot: 5
[2021-08-31 11:46:01 train_imbalanced.py:68] INFO     imbal_way: 5
[2021-08-31 11:46:01 train_imbalanced.py:68] INFO     logname: Pointing_equalperclass_10.log
[2021-08-31 11:46:01 train_imbalanced.py:68] INFO     lr: 0.1
[2021-08-31 11:46:01 train_imbalanced.py:68] INFO     lr_gamma: 0.1
[2021-08-31 11:46:01 train_imbalanced.py:68] INFO     lr_stepsize: 30
[2021-08-31 11:46:01 train_imbalanced.py:68] INFO     meta_cloning: False
[2021-08-31 11:46:01 train_imbalanced.py:68] INFO     meta_test_iter: 10000
[2021-08-31 11:46:01 train_imbalanced.py:68] INFO     meta_train_iter: 100
[2021-08-31 11:46:01 train_imbalanced.py:68] INFO     meta_train_metric: euclidean
[2021-08-31 11:46:01 train_imbalanced.py:68] INFO     meta_train_query: 15
[2021-08-31 11:46:01 train_imbalanced.py:68] INFO     meta_train_shot: 1
[2021-08-31 11:46:01 train_imbalanced.py:68] INFO     meta_train_way: 30
[2021-08-31 11:46:01 train_imbalanced.py:68] INFO     meta_val_interval: 10
[2021-08-31 11:46:01 train_imbalanced.py:68] INFO     meta_val_iter: 500
[2021-08-31 11:46:01 train_imbalanced.py:68] INFO     meta_val_metric: euclidean
[2021-08-31 11:46:01 train_imbalanced.py:68] INFO     meta_val_query: 15
[2021-08-31 11:46:01 train_imbalanced.py:68] INFO     meta_val_shot: 5
[2021-08-31 11:46:01 train_imbalanced.py:68] INFO     meta_val_way: 5
[2021-08-31 11:46:01 train_imbalanced.py:68] INFO     mix_train: False
[2021-08-31 11:46:01 train_imbalanced.py:68] INFO     nesterov: False
[2021-08-31 11:46:01 train_imbalanced.py:68] INFO     no_meta_eval: False
[2021-08-31 11:46:01 train_imbalanced.py:68] INFO     num_NN: 1
[2021-08-31 11:46:01 train_imbalanced.py:68] INFO     num_classes: 64
[2021-08-31 11:46:01 train_imbalanced.py:68] INFO     optimizer: SGD
[2021-08-31 11:46:01 train_imbalanced.py:68] INFO     pointing_aug_equalperclass_num: 10
[2021-08-31 11:46:01 train_imbalanced.py:68] INFO     pointing_aug_eval: True
[2021-08-31 11:46:01 train_imbalanced.py:68] INFO     pointing_aug_randomgeneration_num: 10
[2021-08-31 11:46:01 train_imbalanced.py:68] INFO     pointing_aug_sample_type: equal_per_class
[2021-08-31 11:46:01 train_imbalanced.py:68] INFO     pointing_aug_selectclass_num: 1
[2021-08-31 11:46:01 train_imbalanced.py:68] INFO     pretrain: None
[2021-08-31 11:46:01 train_imbalanced.py:68] INFO     print_freq: 50
[2021-08-31 11:46:01 train_imbalanced.py:68] INFO     save_path: ./result_mini_paper
[2021-08-31 11:46:01 train_imbalanced.py:68] INFO     scheduler: multi_step
[2021-08-31 11:46:01 train_imbalanced.py:68] INFO     seed: 0
[2021-08-31 11:46:01 train_imbalanced.py:68] INFO     select_class_metric: UN
[2021-08-31 11:46:01 train_imbalanced.py:68] INFO     select_class_type: random
[2021-08-31 11:46:01 train_imbalanced.py:68] INFO     split_dir: ./split/mini/
[2021-08-31 11:46:01 train_imbalanced.py:68] INFO     start_epoch: 0
[2021-08-31 11:46:01 train_imbalanced.py:68] INFO     triplet_base: 1
[2021-08-31 11:46:01 train_imbalanced.py:68] INFO     triplet_batch: 100
[2021-08-31 11:46:01 train_imbalanced.py:68] INFO     triplet_diff: 1
[2021-08-31 11:46:01 train_imbalanced.py:68] INFO     triplet_iter: 10000
[2021-08-31 11:46:01 train_imbalanced.py:68] INFO     triplet_metric: euclidean
[2021-08-31 11:46:01 train_imbalanced.py:68] INFO     triplet_rand: False
[2021-08-31 11:46:01 train_imbalanced.py:68] INFO     triplet_same: 1
[2021-08-31 11:46:01 train_imbalanced.py:68] INFO     trp_train: False
[2021-08-31 11:46:01 train_imbalanced.py:68] INFO     weight_decay: 0.0001
[2021-08-31 11:46:01 train_imbalanced.py:68] INFO     workers: 40
[2021-08-31 11:46:01 train_imbalanced.py:83] INFO     => creating model 'resnet18'
[2021-08-31 11:50:48 train_imbalanced.py:1719] INFO     Meta Test: LAST
How_Close_Factor=0.9
feature	UN	L2N	CL2N
GVP 1Shot	0.5651(0.0020)	0.5962(0.0020)	0.6200(0.0020)
GVP_5Shot	0.7838(0.0015)	0.7927(0.0014)	0.7915(0.0015)
[2021-08-31 11:53:50 train_imbalanced.py:1719] INFO     Meta Test: LAST
How_Close_Factor=0.8
feature	UN	L2N	CL2N
GVP 1Shot	0.5772(0.0020)	0.6028(0.0020)	0.6200(0.0020)
GVP_5Shot	0.7864(0.0015)	0.7946(0.0014)	0.7915(0.0015)
[2021-08-31 11:56:52 train_imbalanced.py:1719] INFO     Meta Test: LAST
How_Close_Factor=0.7
feature	UN	L2N	CL2N
GVP 1Shot	0.5883(0.0020)	0.6091(0.0020)	0.6200(0.0020)
GVP_5Shot	0.7881(0.0015)	0.7950(0.0014)	0.7915(0.0015)
[2021-08-31 11:59:57 train_imbalanced.py:1719] INFO     Meta Test: LAST
How_Close_Factor=0.6
feature	UN	L2N	CL2N
GVP 1Shot	0.5979(0.0020)	0.6143(0.0020)	0.6199(0.0020)
GVP_5Shot	0.7882(0.0015)	0.7942(0.0015)	0.7915(0.0015)
[2021-08-31 12:03:00 train_imbalanced.py:1719] INFO     Meta Test: LAST
How_Close_Factor=0.5
feature	UN	L2N	CL2N
GVP 1Shot	0.6065(0.0020)	0.6187(0.0020)	0.6200(0.0020)
GVP_5Shot	0.7870(0.0015)	0.7924(0.0015)	0.7916(0.0015)
[2021-08-31 12:06:05 train_imbalanced.py:1719] INFO     Meta Test: LAST
How_Close_Factor=0.4
feature	UN	L2N	CL2N
GVP 1Shot	0.6126(0.0020)	0.6222(0.0020)	0.6200(0.0020)
GVP_5Shot	0.7838(0.0015)	0.7886(0.0015)	0.7913(0.0015)
[2021-08-31 12:09:07 train_imbalanced.py:1719] INFO     Meta Test: LAST
How_Close_Factor=0.3
feature	UN	L2N	CL2N
GVP 1Shot	0.6174(0.0020)	0.6246(0.0020)	0.6201(0.0020)
GVP_5Shot	0.7799(0.0015)	0.7835(0.0015)	0.7914(0.0015)
[2021-08-31 12:12:12 train_imbalanced.py:1719] INFO     Meta Test: LAST
How_Close_Factor=0.2
feature	UN	L2N	CL2N
GVP 1Shot	0.6186(0.0020)	0.6243(0.0020)	0.6203(0.0020)
GVP_5Shot	0.7736(0.0015)	0.7762(0.0015)	0.7899(0.0015)
[2021-08-31 12:15:14 train_imbalanced.py:1719] INFO     Meta Test: LAST
How_Close_Factor=0.1
feature	UN	L2N	CL2N
GVP 1Shot	0.6176(0.0020)	0.6208(0.0020)	0.6190(0.0020)
GVP_5Shot	0.7674(0.0015)	0.7683(0.0016)	0.7859(0.0015)
[2021-08-31 12:18:19 train_imbalanced.py:1719] INFO     Meta Test: LAST
How_Close_Factor=0
feature	UN	L2N	CL2N
GVP 1Shot	0.2000(0.0000)	0.2000(0.0000)	0.2000(0.0000)
GVP_5Shot	0.2000(0.0000)	0.2000(0.0000)	0.2000(0.0000)
