[2021-08-31 14:33:13 train_imbalanced.py:68] INFO     analyze: False
[2021-08-31 14:33:13 train_imbalanced.py:68] INFO     anlz_FC: False
[2021-08-31 14:33:13 train_imbalanced.py:68] INFO     anlz_base: 1
[2021-08-31 14:33:13 train_imbalanced.py:68] INFO     anlz_class: 2
[2021-08-31 14:33:13 train_imbalanced.py:68] INFO     anlz_diff: 1
[2021-08-31 14:33:13 train_imbalanced.py:68] INFO     anlz_interval: 1
[2021-08-31 14:33:13 train_imbalanced.py:68] INFO     anlz_iter: 1000
[2021-08-31 14:33:13 train_imbalanced.py:68] INFO     anlz_metric: euclidean
[2021-08-31 14:33:13 train_imbalanced.py:68] INFO     anlz_rand: False
[2021-08-31 14:33:13 train_imbalanced.py:68] INFO     anlz_same: 1
[2021-08-31 14:33:13 train_imbalanced.py:68] INFO     arch: resnet18
[2021-08-31 14:33:13 train_imbalanced.py:68] INFO     batch_size: 256
[2021-08-31 14:33:13 train_imbalanced.py:68] INFO     case_study: False
[2021-08-31 14:33:13 train_imbalanced.py:68] INFO     ce_train: True
[2021-08-31 14:33:13 train_imbalanced.py:68] INFO     clone_augment_method: randomresizedcrop
[2021-08-31 14:33:13 train_imbalanced.py:68] INFO     clone_factor_1shot: 1
[2021-08-31 14:33:13 train_imbalanced.py:68] INFO     clone_factor_5shot: 1
[2021-08-31 14:33:13 train_imbalanced.py:68] INFO     config: ./configs/pointing_augment.config
[2021-08-31 14:33:13 train_imbalanced.py:68] INFO     data: ./images/
[2021-08-31 14:33:13 train_imbalanced.py:68] INFO     data_type: miniImageNet
[2021-08-31 14:33:13 train_imbalanced.py:68] INFO     disable_random_resize: False
[2021-08-31 14:33:13 train_imbalanced.py:68] INFO     disable_tqdm: False
[2021-08-31 14:33:13 train_imbalanced.py:68] INFO     disable_train_augment: False
[2021-08-31 14:33:13 train_imbalanced.py:68] INFO     do_imbal_eval: False
[2021-08-31 14:33:13 train_imbalanced.py:68] INFO     do_imbal_train: False
[2021-08-31 14:33:13 train_imbalanced.py:68] INFO     do_meta_train: False
[2021-08-31 14:33:13 train_imbalanced.py:68] INFO     enlarge: False
[2021-08-31 14:33:13 train_imbalanced.py:68] INFO     epochs: 100
[2021-08-31 14:33:13 train_imbalanced.py:68] INFO     eval_fc: False
[2021-08-31 14:33:13 train_imbalanced.py:68] INFO     evaluate: False
[2021-08-31 14:33:13 train_imbalanced.py:68] INFO     imbal_iter: 500
[2021-08-31 14:33:13 train_imbalanced.py:68] INFO     imbal_shot: 5
[2021-08-31 14:33:13 train_imbalanced.py:68] INFO     imbal_way: 5
[2021-08-31 14:33:13 train_imbalanced.py:68] INFO     logname: Pointing_randomgeneration_10.log
[2021-08-31 14:33:13 train_imbalanced.py:68] INFO     lr: 0.1
[2021-08-31 14:33:13 train_imbalanced.py:68] INFO     lr_gamma: 0.1
[2021-08-31 14:33:13 train_imbalanced.py:68] INFO     lr_stepsize: 30
[2021-08-31 14:33:13 train_imbalanced.py:68] INFO     meta_cloning: False
[2021-08-31 14:33:13 train_imbalanced.py:68] INFO     meta_test_iter: 10000
[2021-08-31 14:33:13 train_imbalanced.py:68] INFO     meta_train_iter: 100
[2021-08-31 14:33:13 train_imbalanced.py:68] INFO     meta_train_metric: euclidean
[2021-08-31 14:33:13 train_imbalanced.py:68] INFO     meta_train_query: 15
[2021-08-31 14:33:13 train_imbalanced.py:68] INFO     meta_train_shot: 1
[2021-08-31 14:33:13 train_imbalanced.py:68] INFO     meta_train_way: 30
[2021-08-31 14:33:13 train_imbalanced.py:68] INFO     meta_val_interval: 10
[2021-08-31 14:33:13 train_imbalanced.py:68] INFO     meta_val_iter: 500
[2021-08-31 14:33:13 train_imbalanced.py:68] INFO     meta_val_metric: euclidean
[2021-08-31 14:33:13 train_imbalanced.py:68] INFO     meta_val_query: 15
[2021-08-31 14:33:13 train_imbalanced.py:68] INFO     meta_val_shot: 5
[2021-08-31 14:33:13 train_imbalanced.py:68] INFO     meta_val_way: 5
[2021-08-31 14:33:13 train_imbalanced.py:68] INFO     mix_train: False
[2021-08-31 14:33:13 train_imbalanced.py:68] INFO     nesterov: False
[2021-08-31 14:33:13 train_imbalanced.py:68] INFO     no_meta_eval: False
[2021-08-31 14:33:13 train_imbalanced.py:68] INFO     num_NN: 1
[2021-08-31 14:33:13 train_imbalanced.py:68] INFO     num_classes: 64
[2021-08-31 14:33:13 train_imbalanced.py:68] INFO     optimizer: SGD
[2021-08-31 14:33:13 train_imbalanced.py:68] INFO     pointing_aug_equalperclass_num: 50
[2021-08-31 14:33:13 train_imbalanced.py:68] INFO     pointing_aug_eval: True
[2021-08-31 14:33:13 train_imbalanced.py:68] INFO     pointing_aug_randomgeneration_num: 10
[2021-08-31 14:33:13 train_imbalanced.py:68] INFO     pointing_aug_sample_type: random_generation
[2021-08-31 14:33:13 train_imbalanced.py:68] INFO     pointing_aug_selectclass_num: 1
[2021-08-31 14:33:13 train_imbalanced.py:68] INFO     pretrain: None
[2021-08-31 14:33:13 train_imbalanced.py:68] INFO     print_freq: 50
[2021-08-31 14:33:13 train_imbalanced.py:68] INFO     save_path: ./result_mini_paper
[2021-08-31 14:33:13 train_imbalanced.py:68] INFO     scheduler: multi_step
[2021-08-31 14:33:13 train_imbalanced.py:68] INFO     seed: 0
[2021-08-31 14:33:13 train_imbalanced.py:68] INFO     select_class_metric: UN
[2021-08-31 14:33:13 train_imbalanced.py:68] INFO     select_class_type: random
[2021-08-31 14:33:13 train_imbalanced.py:68] INFO     split_dir: ./split/mini/
[2021-08-31 14:33:13 train_imbalanced.py:68] INFO     start_epoch: 0
[2021-08-31 14:33:13 train_imbalanced.py:68] INFO     triplet_base: 1
[2021-08-31 14:33:13 train_imbalanced.py:68] INFO     triplet_batch: 100
[2021-08-31 14:33:13 train_imbalanced.py:68] INFO     triplet_diff: 1
[2021-08-31 14:33:13 train_imbalanced.py:68] INFO     triplet_iter: 10000
[2021-08-31 14:33:13 train_imbalanced.py:68] INFO     triplet_metric: euclidean
[2021-08-31 14:33:13 train_imbalanced.py:68] INFO     triplet_rand: False
[2021-08-31 14:33:13 train_imbalanced.py:68] INFO     triplet_same: 1
[2021-08-31 14:33:13 train_imbalanced.py:68] INFO     trp_train: False
[2021-08-31 14:33:13 train_imbalanced.py:68] INFO     weight_decay: 0.0001
[2021-08-31 14:33:13 train_imbalanced.py:68] INFO     workers: 40
[2021-08-31 14:33:13 train_imbalanced.py:83] INFO     => creating model 'resnet18'
[2021-08-31 14:36:44 train_imbalanced.py:1719] INFO     Meta Test: LAST
How_Close_Factor=0.9
feature	UN	L2N	CL2N
GVP 1Shot	0.5405(0.0021)	0.6064(0.0020)	0.6207(0.0020)
GVP_5Shot	0.7609(0.0016)	0.7946(0.0014)	0.7800(0.0015)
[2021-08-31 14:38:29 train_imbalanced.py:1719] INFO     Meta Test: LAST
How_Close_Factor=0.8
feature	UN	L2N	CL2N
GVP 1Shot	0.5104(0.0021)	0.6164(0.0020)	0.6213(0.0020)
GVP_5Shot	0.7128(0.0018)	0.7932(0.0015)	0.7615(0.0016)
[2021-08-31 14:40:13 train_imbalanced.py:1719] INFO     Meta Test: LAST
How_Close_Factor=0.7
feature	UN	L2N	CL2N
GVP 1Shot	0.4763(0.0022)	0.6207(0.0020)	0.6211(0.0020)
GVP_5Shot	0.6582(0.0022)	0.7879(0.0015)	0.7613(0.0016)
[2021-08-31 14:41:58 train_imbalanced.py:1719] INFO     Meta Test: LAST
How_Close_Factor=0.6
feature	UN	L2N	CL2N
GVP 1Shot	0.4341(0.0023)	0.6230(0.0020)	0.6192(0.0020)
GVP_5Shot	0.5874(0.0026)	0.7822(0.0015)	0.7622(0.0016)
[2021-08-31 14:43:43 train_imbalanced.py:1719] INFO     Meta Test: LAST
How_Close_Factor=0.5
feature	UN	L2N	CL2N
GVP 1Shot	0.4032(0.0024)	0.6229(0.0020)	0.6181(0.0020)
GVP_5Shot	0.5357(0.0028)	0.7761(0.0015)	0.7621(0.0016)
[2021-08-31 14:45:27 train_imbalanced.py:1719] INFO     Meta Test: LAST
How_Close_Factor=0.4
feature	UN	L2N	CL2N
GVP 1Shot	0.3746(0.0024)	0.6212(0.0020)	0.6170(0.0020)
GVP_5Shot	0.4875(0.0029)	0.7696(0.0015)	0.7616(0.0016)
[2021-08-31 14:47:12 train_imbalanced.py:1719] INFO     Meta Test: LAST
How_Close_Factor=0.3
feature	UN	L2N	CL2N
GVP 1Shot	0.3571(0.0023)	0.6186(0.0020)	0.6175(0.0020)
GVP_5Shot	0.4624(0.0029)	0.7642(0.0015)	0.7618(0.0016)
[2021-08-31 14:48:57 train_imbalanced.py:1719] INFO     Meta Test: LAST
How_Close_Factor=0.2
feature	UN	L2N	CL2N
GVP 1Shot	0.3346(0.0022)	0.6156(0.0019)	0.6163(0.0020)
GVP_5Shot	0.4229(0.0029)	0.7585(0.0016)	0.7608(0.0016)
[2021-08-31 14:50:42 train_imbalanced.py:1719] INFO     Meta Test: LAST
How_Close_Factor=0.1
feature	UN	L2N	CL2N
GVP 1Shot	0.3232(0.0022)	0.6123(0.0019)	0.6160(0.0020)
GVP_5Shot	0.4037(0.0029)	0.7552(0.0016)	0.7608(0.0016)
[2021-08-31 14:52:27 train_imbalanced.py:1719] INFO     Meta Test: LAST
How_Close_Factor=0
feature	UN	L2N	CL2N
GVP 1Shot	0.2000(0.0000)	0.2000(0.0000)	0.2000(0.0000)
GVP_5Shot	0.2000(0.0000)	0.2000(0.0000)	0.2000(0.0000)
