[2021-08-31 14:52:29 train_imbalanced.py:68] INFO     analyze: False
[2021-08-31 14:52:29 train_imbalanced.py:68] INFO     anlz_FC: False
[2021-08-31 14:52:29 train_imbalanced.py:68] INFO     anlz_base: 1
[2021-08-31 14:52:29 train_imbalanced.py:68] INFO     anlz_class: 2
[2021-08-31 14:52:29 train_imbalanced.py:68] INFO     anlz_diff: 1
[2021-08-31 14:52:29 train_imbalanced.py:68] INFO     anlz_interval: 1
[2021-08-31 14:52:29 train_imbalanced.py:68] INFO     anlz_iter: 1000
[2021-08-31 14:52:29 train_imbalanced.py:68] INFO     anlz_metric: euclidean
[2021-08-31 14:52:29 train_imbalanced.py:68] INFO     anlz_rand: False
[2021-08-31 14:52:29 train_imbalanced.py:68] INFO     anlz_same: 1
[2021-08-31 14:52:29 train_imbalanced.py:68] INFO     arch: resnet18
[2021-08-31 14:52:29 train_imbalanced.py:68] INFO     batch_size: 256
[2021-08-31 14:52:29 train_imbalanced.py:68] INFO     case_study: False
[2021-08-31 14:52:29 train_imbalanced.py:68] INFO     ce_train: True
[2021-08-31 14:52:29 train_imbalanced.py:68] INFO     clone_augment_method: randomresizedcrop
[2021-08-31 14:52:29 train_imbalanced.py:68] INFO     clone_factor_1shot: 1
[2021-08-31 14:52:29 train_imbalanced.py:68] INFO     clone_factor_5shot: 1
[2021-08-31 14:52:29 train_imbalanced.py:68] INFO     config: ./configs/pointing_augment.config
[2021-08-31 14:52:29 train_imbalanced.py:68] INFO     data: ./images/
[2021-08-31 14:52:29 train_imbalanced.py:68] INFO     data_type: miniImageNet
[2021-08-31 14:52:29 train_imbalanced.py:68] INFO     disable_random_resize: False
[2021-08-31 14:52:29 train_imbalanced.py:68] INFO     disable_tqdm: False
[2021-08-31 14:52:29 train_imbalanced.py:68] INFO     disable_train_augment: False
[2021-08-31 14:52:29 train_imbalanced.py:68] INFO     do_imbal_eval: False
[2021-08-31 14:52:29 train_imbalanced.py:68] INFO     do_imbal_train: False
[2021-08-31 14:52:29 train_imbalanced.py:68] INFO     do_meta_train: False
[2021-08-31 14:52:29 train_imbalanced.py:68] INFO     enlarge: False
[2021-08-31 14:52:29 train_imbalanced.py:68] INFO     epochs: 100
[2021-08-31 14:52:29 train_imbalanced.py:68] INFO     eval_fc: False
[2021-08-31 14:52:29 train_imbalanced.py:68] INFO     evaluate: False
[2021-08-31 14:52:29 train_imbalanced.py:68] INFO     imbal_iter: 500
[2021-08-31 14:52:29 train_imbalanced.py:68] INFO     imbal_shot: 5
[2021-08-31 14:52:29 train_imbalanced.py:68] INFO     imbal_way: 5
[2021-08-31 14:52:29 train_imbalanced.py:68] INFO     logname: Pointing_randomgeneration_100.log
[2021-08-31 14:52:29 train_imbalanced.py:68] INFO     lr: 0.1
[2021-08-31 14:52:29 train_imbalanced.py:68] INFO     lr_gamma: 0.1
[2021-08-31 14:52:29 train_imbalanced.py:68] INFO     lr_stepsize: 30
[2021-08-31 14:52:29 train_imbalanced.py:68] INFO     meta_cloning: False
[2021-08-31 14:52:29 train_imbalanced.py:68] INFO     meta_test_iter: 10000
[2021-08-31 14:52:29 train_imbalanced.py:68] INFO     meta_train_iter: 100
[2021-08-31 14:52:29 train_imbalanced.py:68] INFO     meta_train_metric: euclidean
[2021-08-31 14:52:29 train_imbalanced.py:68] INFO     meta_train_query: 15
[2021-08-31 14:52:29 train_imbalanced.py:68] INFO     meta_train_shot: 1
[2021-08-31 14:52:29 train_imbalanced.py:68] INFO     meta_train_way: 30
[2021-08-31 14:52:29 train_imbalanced.py:68] INFO     meta_val_interval: 10
[2021-08-31 14:52:29 train_imbalanced.py:68] INFO     meta_val_iter: 500
[2021-08-31 14:52:29 train_imbalanced.py:68] INFO     meta_val_metric: euclidean
[2021-08-31 14:52:29 train_imbalanced.py:68] INFO     meta_val_query: 15
[2021-08-31 14:52:29 train_imbalanced.py:68] INFO     meta_val_shot: 5
[2021-08-31 14:52:29 train_imbalanced.py:68] INFO     meta_val_way: 5
[2021-08-31 14:52:29 train_imbalanced.py:68] INFO     mix_train: False
[2021-08-31 14:52:29 train_imbalanced.py:68] INFO     nesterov: False
[2021-08-31 14:52:29 train_imbalanced.py:68] INFO     no_meta_eval: False
[2021-08-31 14:52:29 train_imbalanced.py:68] INFO     num_NN: 1
[2021-08-31 14:52:29 train_imbalanced.py:68] INFO     num_classes: 64
[2021-08-31 14:52:29 train_imbalanced.py:68] INFO     optimizer: SGD
[2021-08-31 14:52:29 train_imbalanced.py:68] INFO     pointing_aug_equalperclass_num: 50
[2021-08-31 14:52:29 train_imbalanced.py:68] INFO     pointing_aug_eval: True
[2021-08-31 14:52:29 train_imbalanced.py:68] INFO     pointing_aug_randomgeneration_num: 100
[2021-08-31 14:52:29 train_imbalanced.py:68] INFO     pointing_aug_sample_type: random_generation
[2021-08-31 14:52:29 train_imbalanced.py:68] INFO     pointing_aug_selectclass_num: 1
[2021-08-31 14:52:29 train_imbalanced.py:68] INFO     pretrain: None
[2021-08-31 14:52:29 train_imbalanced.py:68] INFO     print_freq: 50
[2021-08-31 14:52:29 train_imbalanced.py:68] INFO     save_path: ./result_mini_paper
[2021-08-31 14:52:29 train_imbalanced.py:68] INFO     scheduler: multi_step
[2021-08-31 14:52:29 train_imbalanced.py:68] INFO     seed: 0
[2021-08-31 14:52:29 train_imbalanced.py:68] INFO     select_class_metric: UN
[2021-08-31 14:52:29 train_imbalanced.py:68] INFO     select_class_type: random
[2021-08-31 14:52:29 train_imbalanced.py:68] INFO     split_dir: ./split/mini/
[2021-08-31 14:52:29 train_imbalanced.py:68] INFO     start_epoch: 0
[2021-08-31 14:52:29 train_imbalanced.py:68] INFO     triplet_base: 1
[2021-08-31 14:52:29 train_imbalanced.py:68] INFO     triplet_batch: 100
[2021-08-31 14:52:29 train_imbalanced.py:68] INFO     triplet_diff: 1
[2021-08-31 14:52:29 train_imbalanced.py:68] INFO     triplet_iter: 10000
[2021-08-31 14:52:29 train_imbalanced.py:68] INFO     triplet_metric: euclidean
[2021-08-31 14:52:29 train_imbalanced.py:68] INFO     triplet_rand: False
[2021-08-31 14:52:29 train_imbalanced.py:68] INFO     triplet_same: 1
[2021-08-31 14:52:29 train_imbalanced.py:68] INFO     trp_train: False
[2021-08-31 14:52:29 train_imbalanced.py:68] INFO     weight_decay: 0.0001
[2021-08-31 14:52:29 train_imbalanced.py:68] INFO     workers: 40
[2021-08-31 14:52:29 train_imbalanced.py:83] INFO     => creating model 'resnet18'
[2021-08-31 14:56:16 train_imbalanced.py:1719] INFO     Meta Test: LAST
How_Close_Factor=0.9
feature	UN	L2N	CL2N
GVP 1Shot	0.5400(0.0021)	0.6067(0.0020)	0.6208(0.0020)
GVP_5Shot	0.7602(0.0016)	0.7949(0.0014)	0.7795(0.0015)
[2021-08-31 14:58:15 train_imbalanced.py:1719] INFO     Meta Test: LAST
How_Close_Factor=0.8
feature	UN	L2N	CL2N
GVP 1Shot	0.5091(0.0021)	0.6163(0.0020)	0.6215(0.0020)
GVP_5Shot	0.7110(0.0018)	0.7927(0.0015)	0.7598(0.0016)
[2021-08-31 15:00:13 train_imbalanced.py:1719] INFO     Meta Test: LAST
How_Close_Factor=0.7
feature	UN	L2N	CL2N
GVP 1Shot	0.4718(0.0023)	0.6214(0.0020)	0.6209(0.0020)
GVP_5Shot	0.6497(0.0022)	0.7880(0.0015)	0.7589(0.0016)
[2021-08-31 15:02:11 train_imbalanced.py:1719] INFO     Meta Test: LAST
How_Close_Factor=0.6
feature	UN	L2N	CL2N
GVP 1Shot	0.4340(0.0023)	0.6232(0.0020)	0.6193(0.0020)
GVP_5Shot	0.5883(0.0026)	0.7821(0.0015)	0.7618(0.0016)
[2021-08-31 15:04:09 train_imbalanced.py:1719] INFO     Meta Test: LAST
How_Close_Factor=0.5
feature	UN	L2N	CL2N
GVP 1Shot	0.4035(0.0024)	0.6233(0.0020)	0.6179(0.0020)
GVP_5Shot	0.5368(0.0028)	0.7765(0.0015)	0.7618(0.0016)
[2021-08-31 15:06:08 train_imbalanced.py:1719] INFO     Meta Test: LAST
How_Close_Factor=0.4
feature	UN	L2N	CL2N
GVP 1Shot	0.3771(0.0024)	0.6222(0.0020)	0.6168(0.0020)
GVP_5Shot	0.4926(0.0029)	0.7712(0.0015)	0.7613(0.0016)
[2021-08-31 15:08:06 train_imbalanced.py:1719] INFO     Meta Test: LAST
How_Close_Factor=0.3
feature	UN	L2N	CL2N
GVP 1Shot	0.3551(0.0023)	0.6193(0.0020)	0.6165(0.0020)
GVP_5Shot	0.4560(0.0029)	0.7650(0.0015)	0.7608(0.0016)
[2021-08-31 15:10:04 train_imbalanced.py:1719] INFO     Meta Test: LAST
How_Close_Factor=0.2
feature	UN	L2N	CL2N
GVP 1Shot	0.3374(0.0023)	0.6172(0.0020)	0.6160(0.0020)
GVP_5Shot	0.4268(0.0029)	0.7610(0.0015)	0.7606(0.0016)
[2021-08-31 15:12:01 train_imbalanced.py:1719] INFO     Meta Test: LAST
How_Close_Factor=0.1
feature	UN	L2N	CL2N
GVP 1Shot	0.3225(0.0022)	0.6143(0.0019)	0.6155(0.0020)
GVP_5Shot	0.4016(0.0029)	0.7572(0.0016)	0.7606(0.0016)
[2021-08-31 15:13:58 train_imbalanced.py:1719] INFO     Meta Test: LAST
How_Close_Factor=0
feature	UN	L2N	CL2N
GVP 1Shot	0.2000(0.0000)	0.2000(0.0000)	0.2000(0.0000)
GVP_5Shot	0.2000(0.0000)	0.2000(0.0000)	0.2000(0.0000)
