[2021-09-02 01:33:30 train_imbalanced.py:68] INFO     analyze: False
[2021-09-02 01:33:30 train_imbalanced.py:68] INFO     anlz_FC: False
[2021-09-02 01:33:30 train_imbalanced.py:68] INFO     anlz_base: 1
[2021-09-02 01:33:30 train_imbalanced.py:68] INFO     anlz_class: 2
[2021-09-02 01:33:30 train_imbalanced.py:68] INFO     anlz_diff: 1
[2021-09-02 01:33:30 train_imbalanced.py:68] INFO     anlz_interval: 1
[2021-09-02 01:33:30 train_imbalanced.py:68] INFO     anlz_iter: 1000
[2021-09-02 01:33:30 train_imbalanced.py:68] INFO     anlz_metric: euclidean
[2021-09-02 01:33:30 train_imbalanced.py:68] INFO     anlz_rand: False
[2021-09-02 01:33:30 train_imbalanced.py:68] INFO     anlz_same: 1
[2021-09-02 01:33:30 train_imbalanced.py:68] INFO     arch: resnet18
[2021-09-02 01:33:30 train_imbalanced.py:68] INFO     batch_size: 256
[2021-09-02 01:33:30 train_imbalanced.py:68] INFO     case_study: False
[2021-09-02 01:33:30 train_imbalanced.py:68] INFO     ce_train: True
[2021-09-02 01:33:30 train_imbalanced.py:68] INFO     clone_augment_method: randomresizedcrop
[2021-09-02 01:33:30 train_imbalanced.py:68] INFO     clone_factor_1shot: 20
[2021-09-02 01:33:30 train_imbalanced.py:68] INFO     clone_factor_5shot: 4
[2021-09-02 01:33:30 train_imbalanced.py:68] INFO     config: ./configs/tiered_resnet18_pointing.config
[2021-09-02 01:33:30 train_imbalanced.py:68] INFO     data: ./tiered-imagenet/data/
[2021-09-02 01:33:30 train_imbalanced.py:68] INFO     data_type: tieredImageNet
[2021-09-02 01:33:30 train_imbalanced.py:68] INFO     disable_random_resize: False
[2021-09-02 01:33:30 train_imbalanced.py:68] INFO     disable_tqdm: False
[2021-09-02 01:33:30 train_imbalanced.py:68] INFO     disable_train_augment: False
[2021-09-02 01:33:30 train_imbalanced.py:68] INFO     do_imbal_eval: False
[2021-09-02 01:33:30 train_imbalanced.py:68] INFO     do_imbal_train: False
[2021-09-02 01:33:30 train_imbalanced.py:68] INFO     do_meta_train: False
[2021-09-02 01:33:30 train_imbalanced.py:68] INFO     enlarge: False
[2021-09-02 01:33:30 train_imbalanced.py:68] INFO     epochs: 100
[2021-09-02 01:33:30 train_imbalanced.py:68] INFO     eval_fc: False
[2021-09-02 01:33:30 train_imbalanced.py:68] INFO     evaluate: False
[2021-09-02 01:33:30 train_imbalanced.py:68] INFO     imbal_iter: 500
[2021-09-02 01:33:30 train_imbalanced.py:68] INFO     imbal_shot: 5
[2021-09-02 01:33:30 train_imbalanced.py:68] INFO     imbal_way: 5
[2021-09-02 01:33:30 train_imbalanced.py:68] INFO     logname: Cloning_randomgeneration_500.log
[2021-09-02 01:33:30 train_imbalanced.py:68] INFO     lr: 0.1
[2021-09-02 01:33:30 train_imbalanced.py:68] INFO     lr_gamma: 0.1
[2021-09-02 01:33:30 train_imbalanced.py:68] INFO     lr_stepsize: 30
[2021-09-02 01:33:30 train_imbalanced.py:68] INFO     meta_cloning: True
[2021-09-02 01:33:30 train_imbalanced.py:68] INFO     meta_test_iter: 10000
[2021-09-02 01:33:30 train_imbalanced.py:68] INFO     meta_train_iter: 100
[2021-09-02 01:33:30 train_imbalanced.py:68] INFO     meta_train_metric: euclidean
[2021-09-02 01:33:30 train_imbalanced.py:68] INFO     meta_train_query: 15
[2021-09-02 01:33:30 train_imbalanced.py:68] INFO     meta_train_shot: 1
[2021-09-02 01:33:30 train_imbalanced.py:68] INFO     meta_train_way: 30
[2021-09-02 01:33:30 train_imbalanced.py:68] INFO     meta_val_interval: 10
[2021-09-02 01:33:30 train_imbalanced.py:68] INFO     meta_val_iter: 500
[2021-09-02 01:33:30 train_imbalanced.py:68] INFO     meta_val_metric: euclidean
[2021-09-02 01:33:30 train_imbalanced.py:68] INFO     meta_val_query: 15
[2021-09-02 01:33:30 train_imbalanced.py:68] INFO     meta_val_shot: 5
[2021-09-02 01:33:30 train_imbalanced.py:68] INFO     meta_val_way: 5
[2021-09-02 01:33:30 train_imbalanced.py:68] INFO     mix_train: False
[2021-09-02 01:33:30 train_imbalanced.py:68] INFO     nesterov: False
[2021-09-02 01:33:30 train_imbalanced.py:68] INFO     no_meta_eval: False
[2021-09-02 01:33:30 train_imbalanced.py:68] INFO     num_NN: 1
[2021-09-02 01:33:30 train_imbalanced.py:68] INFO     num_classes: 351
[2021-09-02 01:33:30 train_imbalanced.py:68] INFO     optimizer: SGD
[2021-09-02 01:33:30 train_imbalanced.py:68] INFO     pointing_aug_equalperclass_num: 10
[2021-09-02 01:33:30 train_imbalanced.py:68] INFO     pointing_aug_eval: True
[2021-09-02 01:33:30 train_imbalanced.py:68] INFO     pointing_aug_randomgeneration_num: 500
[2021-09-02 01:33:30 train_imbalanced.py:68] INFO     pointing_aug_sample_type: random_generation
[2021-09-02 01:33:30 train_imbalanced.py:68] INFO     pointing_aug_selectclass_num: 500
[2021-09-02 01:33:30 train_imbalanced.py:68] INFO     pretrain: None
[2021-09-02 01:33:30 train_imbalanced.py:68] INFO     print_freq: 50
[2021-09-02 01:33:30 train_imbalanced.py:68] INFO     save_path: ./result_tiered_paper
[2021-09-02 01:33:30 train_imbalanced.py:68] INFO     scheduler: step
[2021-09-02 01:33:30 train_imbalanced.py:68] INFO     seed: 0
[2021-09-02 01:33:30 train_imbalanced.py:68] INFO     select_class_metric: UN
[2021-09-02 01:33:30 train_imbalanced.py:68] INFO     select_class_type: random
[2021-09-02 01:33:30 train_imbalanced.py:68] INFO     split_dir: ./split/tiered/
[2021-09-02 01:33:30 train_imbalanced.py:68] INFO     start_epoch: 0
[2021-09-02 01:33:30 train_imbalanced.py:68] INFO     triplet_base: 1
[2021-09-02 01:33:30 train_imbalanced.py:68] INFO     triplet_batch: 100
[2021-09-02 01:33:30 train_imbalanced.py:68] INFO     triplet_diff: 1
[2021-09-02 01:33:30 train_imbalanced.py:68] INFO     triplet_iter: 10000
[2021-09-02 01:33:30 train_imbalanced.py:68] INFO     triplet_metric: euclidean
[2021-09-02 01:33:30 train_imbalanced.py:68] INFO     triplet_rand: False
[2021-09-02 01:33:30 train_imbalanced.py:68] INFO     triplet_same: 1
[2021-09-02 01:33:30 train_imbalanced.py:68] INFO     trp_train: False
[2021-09-02 01:33:30 train_imbalanced.py:68] INFO     weight_decay: 0.0001
[2021-09-02 01:33:30 train_imbalanced.py:68] INFO     workers: 40
[2021-09-02 01:33:30 train_imbalanced.py:83] INFO     => creating model 'resnet18'
[2021-09-02 01:48:34 train_imbalanced.py:1718] INFO     Meta Test: LAST
How_Close_Factor=0.9
feature	UN	L2N	CL2N
GVP 1Shot	0.6340(0.0022)	0.6866(0.0022)	0.6873(0.0022)
GVP_5Shot	0.8175(0.0016)	0.8420(0.0016)	0.8330(0.0016)
[2021-09-02 01:56:48 train_imbalanced.py:1718] INFO     Meta Test: LAST
How_Close_Factor=0.7
feature	UN	L2N	CL2N
GVP 1Shot	0.5232(0.0025)	0.6978(0.0022)	0.6866(0.0022)
GVP_5Shot	0.6844(0.0023)	0.8364(0.0016)	0.8125(0.0017)
[2021-09-02 02:05:04 train_imbalanced.py:1718] INFO     Meta Test: LAST
How_Close_Factor=0.5
feature	UN	L2N	CL2N
GVP 1Shot	0.4204(0.0027)	0.6974(0.0022)	0.6861(0.0022)
GVP_5Shot	0.5286(0.0031)	0.8259(0.0017)	0.8088(0.0018)
[2021-09-02 02:13:18 train_imbalanced.py:1718] INFO     Meta Test: LAST
How_Close_Factor=0.3
feature	UN	L2N	CL2N
GVP 1Shot	0.3598(0.0026)	0.6927(0.0022)	0.6844(0.0022)
GVP_5Shot	0.4305(0.0031)	0.8162(0.0017)	0.8056(0.0018)
[2021-09-02 02:21:33 train_imbalanced.py:1718] INFO     Meta Test: LAST
How_Close_Factor=0.1
feature	UN	L2N	CL2N
GVP 1Shot	0.3238(0.0024)	0.6869(0.0022)	0.6841(0.0022)
GVP_5Shot	0.3744(0.0029)	0.8081(0.0018)	0.8046(0.0018)
[2021-09-02 02:29:47 train_imbalanced.py:1718] INFO     Meta Test: LAST
How_Close_Factor=0
feature	UN	L2N	CL2N
GVP 1Shot	0.2000(0.0000)	0.2000(0.0000)	0.2000(0.0000)
GVP_5Shot	0.2000(0.0000)	0.2000(0.0000)	0.2000(0.0000)
