[2021-08-21 06:54:41 train_imbalanced.py:68] INFO     analyze: False
[2021-08-21 06:54:41 train_imbalanced.py:68] INFO     anlz_FC: False
[2021-08-21 06:54:41 train_imbalanced.py:68] INFO     anlz_base: 1
[2021-08-21 06:54:41 train_imbalanced.py:68] INFO     anlz_class: 2
[2021-08-21 06:54:41 train_imbalanced.py:68] INFO     anlz_diff: 1
[2021-08-21 06:54:41 train_imbalanced.py:68] INFO     anlz_interval: 1
[2021-08-21 06:54:41 train_imbalanced.py:68] INFO     anlz_iter: 1000
[2021-08-21 06:54:41 train_imbalanced.py:68] INFO     anlz_metric: euclidean
[2021-08-21 06:54:41 train_imbalanced.py:68] INFO     anlz_rand: False
[2021-08-21 06:54:41 train_imbalanced.py:68] INFO     anlz_same: 1
[2021-08-21 06:54:41 train_imbalanced.py:68] INFO     arch: resnet18
[2021-08-21 06:54:41 train_imbalanced.py:68] INFO     batch_size: 256
[2021-08-21 06:54:41 train_imbalanced.py:68] INFO     case_study: False
[2021-08-21 06:54:41 train_imbalanced.py:68] INFO     ce_train: True
[2021-08-21 06:54:41 train_imbalanced.py:68] INFO     clone_factor_1shot: 1
[2021-08-21 06:54:41 train_imbalanced.py:68] INFO     clone_factor_5shot: 1
[2021-08-21 06:54:41 train_imbalanced.py:68] INFO     config: ./configs/tiered_resnet18_pointing.config
[2021-08-21 06:54:41 train_imbalanced.py:68] INFO     data: ./tiered-imagenet/data/
[2021-08-21 06:54:41 train_imbalanced.py:68] INFO     data_type: tieredImageNet
[2021-08-21 06:54:41 train_imbalanced.py:68] INFO     disable_random_resize: False
[2021-08-21 06:54:41 train_imbalanced.py:68] INFO     disable_tqdm: False
[2021-08-21 06:54:41 train_imbalanced.py:68] INFO     disable_train_augment: False
[2021-08-21 06:54:41 train_imbalanced.py:68] INFO     do_imbal_eval: False
[2021-08-21 06:54:41 train_imbalanced.py:68] INFO     do_imbal_train: False
[2021-08-21 06:54:41 train_imbalanced.py:68] INFO     do_meta_train: False
[2021-08-21 06:54:41 train_imbalanced.py:68] INFO     enlarge: False
[2021-08-21 06:54:41 train_imbalanced.py:68] INFO     epochs: 100
[2021-08-21 06:54:41 train_imbalanced.py:68] INFO     eval_fc: False
[2021-08-21 06:54:41 train_imbalanced.py:68] INFO     evaluate: False
[2021-08-21 06:54:41 train_imbalanced.py:68] INFO     imbal_iter: 500
[2021-08-21 06:54:41 train_imbalanced.py:68] INFO     imbal_shot: 5
[2021-08-21 06:54:41 train_imbalanced.py:68] INFO     imbal_way: 5
[2021-08-21 06:54:41 train_imbalanced.py:68] INFO     logname: 08_19_tiered_pointing_randomgeneration_10.log
[2021-08-21 06:54:41 train_imbalanced.py:68] INFO     lr: 0.1
[2021-08-21 06:54:41 train_imbalanced.py:68] INFO     lr_gamma: 0.1
[2021-08-21 06:54:41 train_imbalanced.py:68] INFO     lr_stepsize: 30
[2021-08-21 06:54:41 train_imbalanced.py:68] INFO     meta_cloning: False
[2021-08-21 06:54:41 train_imbalanced.py:68] INFO     meta_test_iter: 10000
[2021-08-21 06:54:41 train_imbalanced.py:68] INFO     meta_train_iter: 100
[2021-08-21 06:54:41 train_imbalanced.py:68] INFO     meta_train_metric: euclidean
[2021-08-21 06:54:41 train_imbalanced.py:68] INFO     meta_train_query: 15
[2021-08-21 06:54:41 train_imbalanced.py:68] INFO     meta_train_shot: 1
[2021-08-21 06:54:41 train_imbalanced.py:68] INFO     meta_train_way: 30
[2021-08-21 06:54:41 train_imbalanced.py:68] INFO     meta_val_interval: 10
[2021-08-21 06:54:41 train_imbalanced.py:68] INFO     meta_val_iter: 500
[2021-08-21 06:54:41 train_imbalanced.py:68] INFO     meta_val_metric: euclidean
[2021-08-21 06:54:41 train_imbalanced.py:68] INFO     meta_val_query: 15
[2021-08-21 06:54:41 train_imbalanced.py:68] INFO     meta_val_shot: 5
[2021-08-21 06:54:41 train_imbalanced.py:68] INFO     meta_val_way: 5
[2021-08-21 06:54:41 train_imbalanced.py:68] INFO     mix_train: False
[2021-08-21 06:54:41 train_imbalanced.py:68] INFO     nesterov: False
[2021-08-21 06:54:41 train_imbalanced.py:68] INFO     no_meta_eval: False
[2021-08-21 06:54:41 train_imbalanced.py:68] INFO     num_NN: 1
[2021-08-21 06:54:41 train_imbalanced.py:68] INFO     num_classes: 351
[2021-08-21 06:54:41 train_imbalanced.py:68] INFO     optimizer: SGD
[2021-08-21 06:54:41 train_imbalanced.py:68] INFO     pointing_aug_equalperclass_num: 10
[2021-08-21 06:54:41 train_imbalanced.py:68] INFO     pointing_aug_eval: True
[2021-08-21 06:54:41 train_imbalanced.py:68] INFO     pointing_aug_randomgeneration_num: 10
[2021-08-21 06:54:41 train_imbalanced.py:68] INFO     pointing_aug_sample_type: random_generation
[2021-08-21 06:54:41 train_imbalanced.py:68] INFO     pointing_aug_selectclass_num: 600
[2021-08-21 06:54:41 train_imbalanced.py:68] INFO     pretrain: None
[2021-08-21 06:54:41 train_imbalanced.py:68] INFO     print_freq: 50
[2021-08-21 06:54:41 train_imbalanced.py:68] INFO     save_path: ./result_tiered/resnet18_epoch100_SGD
[2021-08-21 06:54:41 train_imbalanced.py:68] INFO     scheduler: step
[2021-08-21 06:54:41 train_imbalanced.py:68] INFO     seed: 0
[2021-08-21 06:54:41 train_imbalanced.py:68] INFO     select_class_metric: UN
[2021-08-21 06:54:41 train_imbalanced.py:68] INFO     select_class_type: random
[2021-08-21 06:54:41 train_imbalanced.py:68] INFO     split_dir: ./split/tiered/
[2021-08-21 06:54:41 train_imbalanced.py:68] INFO     start_epoch: 0
[2021-08-21 06:54:41 train_imbalanced.py:68] INFO     triplet_base: 1
[2021-08-21 06:54:41 train_imbalanced.py:68] INFO     triplet_batch: 100
[2021-08-21 06:54:41 train_imbalanced.py:68] INFO     triplet_diff: 1
[2021-08-21 06:54:41 train_imbalanced.py:68] INFO     triplet_iter: 10000
[2021-08-21 06:54:41 train_imbalanced.py:68] INFO     triplet_metric: euclidean
[2021-08-21 06:54:41 train_imbalanced.py:68] INFO     triplet_rand: False
[2021-08-21 06:54:41 train_imbalanced.py:68] INFO     triplet_same: 1
[2021-08-21 06:54:41 train_imbalanced.py:68] INFO     trp_train: False
[2021-08-21 06:54:41 train_imbalanced.py:68] INFO     weight_decay: 0.0001
[2021-08-21 06:54:41 train_imbalanced.py:68] INFO     workers: 40
[2021-08-21 06:54:41 train_imbalanced.py:83] INFO     => creating model 'resnet18'
[2021-08-21 07:01:53 train_imbalanced.py:1698] INFO     Meta Test: LAST
How_Close_Factor=0.9
feature	UN	L2N	CL2N
GVP 1Shot	0.5731(0.0023)	0.6779(0.0022)	0.6785(0.0022)
GVP_5Shot	0.8086(0.0017)	0.8455(0.0016)	0.8360(0.0016)
[2021-08-21 07:03:42 train_imbalanced.py:1698] INFO     Meta Test: LAST
How_Close_Factor=0.8
feature	UN	L2N	CL2N
GVP 1Shot	0.5343(0.0024)	0.6834(0.0022)	0.6787(0.0022)
GVP_5Shot	0.7642(0.0019)	0.8440(0.0016)	0.8260(0.0017)
[2021-08-21 07:05:31 train_imbalanced.py:1698] INFO     Meta Test: LAST
How_Close_Factor=0.7
feature	UN	L2N	CL2N
GVP 1Shot	0.4944(0.0025)	0.6867(0.0022)	0.6785(0.0022)
GVP_5Shot	0.7076(0.0022)	0.8407(0.0016)	0.8212(0.0017)
[2021-08-21 07:07:20 train_imbalanced.py:1698] INFO     Meta Test: LAST
How_Close_Factor=0.6
feature	UN	L2N	CL2N
GVP 1Shot	0.4535(0.0026)	0.6881(0.0022)	0.6773(0.0022)
GVP_5Shot	0.6419(0.0026)	0.8353(0.0016)	0.8156(0.0018)
[2021-08-21 07:09:09 train_imbalanced.py:1698] INFO     Meta Test: LAST
How_Close_Factor=0.5
feature	UN	L2N	CL2N
GVP 1Shot	0.4235(0.0026)	0.6879(0.0022)	0.6764(0.0022)
GVP_5Shot	0.5913(0.0028)	0.8300(0.0017)	0.8113(0.0018)
[2021-08-21 07:10:56 train_imbalanced.py:1698] INFO     Meta Test: LAST
How_Close_Factor=0.4
feature	UN	L2N	CL2N
GVP 1Shot	0.3933(0.0025)	0.6861(0.0022)	0.6756(0.0022)
GVP_5Shot	0.5347(0.0029)	0.8241(0.0017)	0.8090(0.0018)
[2021-08-21 07:12:41 train_imbalanced.py:1698] INFO     Meta Test: LAST
How_Close_Factor=0.3
feature	UN	L2N	CL2N
GVP 1Shot	0.3731(0.0025)	0.6859(0.0022)	0.6754(0.0022)
GVP_5Shot	0.4964(0.0030)	0.8223(0.0017)	0.8085(0.0018)
[2021-08-21 07:14:27 train_imbalanced.py:1698] INFO     Meta Test: LAST
How_Close_Factor=0.2
feature	UN	L2N	CL2N
GVP 1Shot	0.3526(0.0024)	0.6802(0.0022)	0.6750(0.0022)
GVP_5Shot	0.4583(0.0030)	0.8143(0.0018)	0.8074(0.0018)
[2021-08-21 07:16:13 train_imbalanced.py:1698] INFO     Meta Test: LAST
How_Close_Factor=0.1
feature	UN	L2N	CL2N
GVP 1Shot	0.3398(0.0024)	0.6764(0.0022)	0.6748(0.0022)
GVP_5Shot	0.4335(0.0030)	0.8101(0.0018)	0.8070(0.0018)
[2021-08-21 07:17:59 train_imbalanced.py:1698] INFO     Meta Test: LAST
How_Close_Factor=0
feature	UN	L2N	CL2N
GVP 1Shot	0.2000(0.0000)	0.2000(0.0000)	0.2000(0.0000)
GVP_5Shot	0.2000(0.0000)	0.2000(0.0000)	0.2000(0.0000)
