[2021-08-21 07:52:54 train_imbalanced.py:68] INFO     analyze: False
[2021-08-21 07:52:54 train_imbalanced.py:68] INFO     anlz_FC: False
[2021-08-21 07:52:54 train_imbalanced.py:68] INFO     anlz_base: 1
[2021-08-21 07:52:54 train_imbalanced.py:68] INFO     anlz_class: 2
[2021-08-21 07:52:54 train_imbalanced.py:68] INFO     anlz_diff: 1
[2021-08-21 07:52:54 train_imbalanced.py:68] INFO     anlz_interval: 1
[2021-08-21 07:52:54 train_imbalanced.py:68] INFO     anlz_iter: 1000
[2021-08-21 07:52:54 train_imbalanced.py:68] INFO     anlz_metric: euclidean
[2021-08-21 07:52:54 train_imbalanced.py:68] INFO     anlz_rand: False
[2021-08-21 07:52:54 train_imbalanced.py:68] INFO     anlz_same: 1
[2021-08-21 07:52:54 train_imbalanced.py:68] INFO     arch: resnet18
[2021-08-21 07:52:54 train_imbalanced.py:68] INFO     batch_size: 256
[2021-08-21 07:52:54 train_imbalanced.py:68] INFO     case_study: False
[2021-08-21 07:52:54 train_imbalanced.py:68] INFO     ce_train: True
[2021-08-21 07:52:54 train_imbalanced.py:68] INFO     clone_factor_1shot: 1
[2021-08-21 07:52:54 train_imbalanced.py:68] INFO     clone_factor_5shot: 1
[2021-08-21 07:52:54 train_imbalanced.py:68] INFO     config: ./configs/tiered_resnet18_pointing.config
[2021-08-21 07:52:54 train_imbalanced.py:68] INFO     data: ./tiered-imagenet/data/
[2021-08-21 07:52:54 train_imbalanced.py:68] INFO     data_type: tieredImageNet
[2021-08-21 07:52:54 train_imbalanced.py:68] INFO     disable_random_resize: False
[2021-08-21 07:52:54 train_imbalanced.py:68] INFO     disable_tqdm: False
[2021-08-21 07:52:54 train_imbalanced.py:68] INFO     disable_train_augment: False
[2021-08-21 07:52:54 train_imbalanced.py:68] INFO     do_imbal_eval: False
[2021-08-21 07:52:54 train_imbalanced.py:68] INFO     do_imbal_train: False
[2021-08-21 07:52:54 train_imbalanced.py:68] INFO     do_meta_train: False
[2021-08-21 07:52:54 train_imbalanced.py:68] INFO     enlarge: False
[2021-08-21 07:52:54 train_imbalanced.py:68] INFO     epochs: 100
[2021-08-21 07:52:54 train_imbalanced.py:68] INFO     eval_fc: False
[2021-08-21 07:52:54 train_imbalanced.py:68] INFO     evaluate: False
[2021-08-21 07:52:54 train_imbalanced.py:68] INFO     imbal_iter: 500
[2021-08-21 07:52:54 train_imbalanced.py:68] INFO     imbal_shot: 5
[2021-08-21 07:52:54 train_imbalanced.py:68] INFO     imbal_way: 5
[2021-08-21 07:52:54 train_imbalanced.py:68] INFO     logname: 08_19_tiered_pointing_select_random_10.log
[2021-08-21 07:52:54 train_imbalanced.py:68] INFO     lr: 0.1
[2021-08-21 07:52:54 train_imbalanced.py:68] INFO     lr_gamma: 0.1
[2021-08-21 07:52:54 train_imbalanced.py:68] INFO     lr_stepsize: 30
[2021-08-21 07:52:54 train_imbalanced.py:68] INFO     meta_cloning: False
[2021-08-21 07:52:54 train_imbalanced.py:68] INFO     meta_test_iter: 10000
[2021-08-21 07:52:54 train_imbalanced.py:68] INFO     meta_train_iter: 100
[2021-08-21 07:52:54 train_imbalanced.py:68] INFO     meta_train_metric: euclidean
[2021-08-21 07:52:54 train_imbalanced.py:68] INFO     meta_train_query: 15
[2021-08-21 07:52:54 train_imbalanced.py:68] INFO     meta_train_shot: 1
[2021-08-21 07:52:54 train_imbalanced.py:68] INFO     meta_train_way: 30
[2021-08-21 07:52:54 train_imbalanced.py:68] INFO     meta_val_interval: 10
[2021-08-21 07:52:54 train_imbalanced.py:68] INFO     meta_val_iter: 500
[2021-08-21 07:52:54 train_imbalanced.py:68] INFO     meta_val_metric: euclidean
[2021-08-21 07:52:54 train_imbalanced.py:68] INFO     meta_val_query: 15
[2021-08-21 07:52:54 train_imbalanced.py:68] INFO     meta_val_shot: 5
[2021-08-21 07:52:54 train_imbalanced.py:68] INFO     meta_val_way: 5
[2021-08-21 07:52:54 train_imbalanced.py:68] INFO     mix_train: False
[2021-08-21 07:52:54 train_imbalanced.py:68] INFO     nesterov: False
[2021-08-21 07:52:54 train_imbalanced.py:68] INFO     no_meta_eval: False
[2021-08-21 07:52:54 train_imbalanced.py:68] INFO     num_NN: 1
[2021-08-21 07:52:54 train_imbalanced.py:68] INFO     num_classes: 351
[2021-08-21 07:52:54 train_imbalanced.py:68] INFO     optimizer: SGD
[2021-08-21 07:52:54 train_imbalanced.py:68] INFO     pointing_aug_equalperclass_num: 10
[2021-08-21 07:52:54 train_imbalanced.py:68] INFO     pointing_aug_eval: True
[2021-08-21 07:52:54 train_imbalanced.py:68] INFO     pointing_aug_randomgeneration_num: 600
[2021-08-21 07:52:54 train_imbalanced.py:68] INFO     pointing_aug_sample_type: select_class
[2021-08-21 07:52:54 train_imbalanced.py:68] INFO     pointing_aug_selectclass_num: 10
[2021-08-21 07:52:54 train_imbalanced.py:68] INFO     pretrain: None
[2021-08-21 07:52:54 train_imbalanced.py:68] INFO     print_freq: 50
[2021-08-21 07:52:54 train_imbalanced.py:68] INFO     save_path: ./result_tiered/resnet18_epoch100_SGD
[2021-08-21 07:52:54 train_imbalanced.py:68] INFO     scheduler: step
[2021-08-21 07:52:54 train_imbalanced.py:68] INFO     seed: 0
[2021-08-21 07:52:54 train_imbalanced.py:68] INFO     select_class_metric: UN
[2021-08-21 07:52:54 train_imbalanced.py:68] INFO     select_class_type: random
[2021-08-21 07:52:54 train_imbalanced.py:68] INFO     split_dir: ./split/tiered/
[2021-08-21 07:52:54 train_imbalanced.py:68] INFO     start_epoch: 0
[2021-08-21 07:52:54 train_imbalanced.py:68] INFO     triplet_base: 1
[2021-08-21 07:52:54 train_imbalanced.py:68] INFO     triplet_batch: 100
[2021-08-21 07:52:54 train_imbalanced.py:68] INFO     triplet_diff: 1
[2021-08-21 07:52:54 train_imbalanced.py:68] INFO     triplet_iter: 10000
[2021-08-21 07:52:54 train_imbalanced.py:68] INFO     triplet_metric: euclidean
[2021-08-21 07:52:54 train_imbalanced.py:68] INFO     triplet_rand: False
[2021-08-21 07:52:54 train_imbalanced.py:68] INFO     triplet_same: 1
[2021-08-21 07:52:54 train_imbalanced.py:68] INFO     trp_train: False
[2021-08-21 07:52:54 train_imbalanced.py:68] INFO     weight_decay: 0.0001
[2021-08-21 07:52:54 train_imbalanced.py:68] INFO     workers: 40
[2021-08-21 07:52:54 train_imbalanced.py:83] INFO     => creating model 'resnet18'
[2021-08-21 08:00:10 train_imbalanced.py:1698] INFO     Meta Test: LAST
How_Close_Factor=0.9
feature	UN	L2N	CL2N
GVP 1Shot	0.6164(0.0023)	0.6726(0.0022)	0.6808(0.0022)
GVP_5Shot	0.8312(0.0016)	0.8430(0.0016)	0.8422(0.0016)
[2021-08-21 08:02:04 train_imbalanced.py:1698] INFO     Meta Test: LAST
How_Close_Factor=0.8
feature	UN	L2N	CL2N
GVP 1Shot	0.6296(0.0023)	0.6757(0.0022)	0.6812(0.0022)
GVP_5Shot	0.8323(0.0016)	0.8422(0.0016)	0.8410(0.0016)
[2021-08-21 08:03:57 train_imbalanced.py:1698] INFO     Meta Test: LAST
How_Close_Factor=0.7
feature	UN	L2N	CL2N
GVP 1Shot	0.6392(0.0023)	0.6751(0.0023)	0.6788(0.0022)
GVP_5Shot	0.8313(0.0016)	0.8399(0.0016)	0.8378(0.0016)
[2021-08-21 08:05:51 train_imbalanced.py:1698] INFO     Meta Test: LAST
How_Close_Factor=0.6
feature	UN	L2N	CL2N
GVP 1Shot	0.6431(0.0023)	0.6699(0.0023)	0.6731(0.0023)
GVP_5Shot	0.8280(0.0016)	0.8349(0.0016)	0.8326(0.0016)
[2021-08-21 08:07:45 train_imbalanced.py:1698] INFO     Meta Test: LAST
How_Close_Factor=0.5
feature	UN	L2N	CL2N
GVP 1Shot	0.6403(0.0023)	0.6593(0.0023)	0.6627(0.0023)
GVP_5Shot	0.8216(0.0017)	0.8271(0.0017)	0.8238(0.0017)
[2021-08-21 08:09:39 train_imbalanced.py:1698] INFO     Meta Test: LAST
How_Close_Factor=0.4
feature	UN	L2N	CL2N
GVP 1Shot	0.6293(0.0024)	0.6429(0.0024)	0.6484(0.0024)
GVP_5Shot	0.8108(0.0017)	0.8152(0.0017)	0.8110(0.0017)
[2021-08-21 08:11:32 train_imbalanced.py:1698] INFO     Meta Test: LAST
How_Close_Factor=0.3
feature	UN	L2N	CL2N
GVP 1Shot	0.6083(0.0024)	0.6190(0.0024)	0.6273(0.0024)
GVP_5Shot	0.7951(0.0018)	0.7982(0.0018)	0.7915(0.0018)
[2021-08-21 08:13:26 train_imbalanced.py:1698] INFO     Meta Test: LAST
How_Close_Factor=0.2
feature	UN	L2N	CL2N
GVP 1Shot	0.5803(0.0025)	0.5896(0.0025)	0.6010(0.0025)
GVP_5Shot	0.7737(0.0019)	0.7767(0.0019)	0.7664(0.0019)
[2021-08-21 08:15:19 train_imbalanced.py:1698] INFO     Meta Test: LAST
How_Close_Factor=0.1
feature	UN	L2N	CL2N
GVP 1Shot	0.5433(0.0026)	0.5535(0.0026)	0.5684(0.0025)
GVP_5Shot	0.7425(0.0021)	0.7453(0.0021)	0.7322(0.0021)
[2021-08-21 08:17:13 train_imbalanced.py:1698] INFO     Meta Test: LAST
How_Close_Factor=0
feature	UN	L2N	CL2N
GVP 1Shot	0.5054(0.0026)	0.5160(0.0026)	0.5326(0.0026)
GVP_5Shot	0.7025(0.0022)	0.7064(0.0022)	0.6902(0.0023)
