[2021-08-21 08:17:15 train_imbalanced.py:68] INFO     analyze: False
[2021-08-21 08:17:15 train_imbalanced.py:68] INFO     anlz_FC: False
[2021-08-21 08:17:15 train_imbalanced.py:68] INFO     anlz_base: 1
[2021-08-21 08:17:15 train_imbalanced.py:68] INFO     anlz_class: 2
[2021-08-21 08:17:15 train_imbalanced.py:68] INFO     anlz_diff: 1
[2021-08-21 08:17:15 train_imbalanced.py:68] INFO     anlz_interval: 1
[2021-08-21 08:17:15 train_imbalanced.py:68] INFO     anlz_iter: 1000
[2021-08-21 08:17:15 train_imbalanced.py:68] INFO     anlz_metric: euclidean
[2021-08-21 08:17:15 train_imbalanced.py:68] INFO     anlz_rand: False
[2021-08-21 08:17:15 train_imbalanced.py:68] INFO     anlz_same: 1
[2021-08-21 08:17:15 train_imbalanced.py:68] INFO     arch: resnet18
[2021-08-21 08:17:15 train_imbalanced.py:68] INFO     batch_size: 256
[2021-08-21 08:17:15 train_imbalanced.py:68] INFO     case_study: False
[2021-08-21 08:17:15 train_imbalanced.py:68] INFO     ce_train: True
[2021-08-21 08:17:15 train_imbalanced.py:68] INFO     clone_factor_1shot: 1
[2021-08-21 08:17:15 train_imbalanced.py:68] INFO     clone_factor_5shot: 1
[2021-08-21 08:17:15 train_imbalanced.py:68] INFO     config: ./configs/tiered_resnet18_pointing.config
[2021-08-21 08:17:15 train_imbalanced.py:68] INFO     data: ./tiered-imagenet/data/
[2021-08-21 08:17:15 train_imbalanced.py:68] INFO     data_type: tieredImageNet
[2021-08-21 08:17:15 train_imbalanced.py:68] INFO     disable_random_resize: False
[2021-08-21 08:17:15 train_imbalanced.py:68] INFO     disable_tqdm: False
[2021-08-21 08:17:15 train_imbalanced.py:68] INFO     disable_train_augment: False
[2021-08-21 08:17:15 train_imbalanced.py:68] INFO     do_imbal_eval: False
[2021-08-21 08:17:15 train_imbalanced.py:68] INFO     do_imbal_train: False
[2021-08-21 08:17:15 train_imbalanced.py:68] INFO     do_meta_train: False
[2021-08-21 08:17:15 train_imbalanced.py:68] INFO     enlarge: False
[2021-08-21 08:17:15 train_imbalanced.py:68] INFO     epochs: 100
[2021-08-21 08:17:15 train_imbalanced.py:68] INFO     eval_fc: False
[2021-08-21 08:17:15 train_imbalanced.py:68] INFO     evaluate: False
[2021-08-21 08:17:15 train_imbalanced.py:68] INFO     imbal_iter: 500
[2021-08-21 08:17:15 train_imbalanced.py:68] INFO     imbal_shot: 5
[2021-08-21 08:17:15 train_imbalanced.py:68] INFO     imbal_way: 5
[2021-08-21 08:17:15 train_imbalanced.py:68] INFO     logname: 08_19_tiered_pointing_select_random_600.log
[2021-08-21 08:17:15 train_imbalanced.py:68] INFO     lr: 0.1
[2021-08-21 08:17:15 train_imbalanced.py:68] INFO     lr_gamma: 0.1
[2021-08-21 08:17:15 train_imbalanced.py:68] INFO     lr_stepsize: 30
[2021-08-21 08:17:15 train_imbalanced.py:68] INFO     meta_cloning: False
[2021-08-21 08:17:15 train_imbalanced.py:68] INFO     meta_test_iter: 10000
[2021-08-21 08:17:15 train_imbalanced.py:68] INFO     meta_train_iter: 100
[2021-08-21 08:17:15 train_imbalanced.py:68] INFO     meta_train_metric: euclidean
[2021-08-21 08:17:15 train_imbalanced.py:68] INFO     meta_train_query: 15
[2021-08-21 08:17:15 train_imbalanced.py:68] INFO     meta_train_shot: 1
[2021-08-21 08:17:15 train_imbalanced.py:68] INFO     meta_train_way: 30
[2021-08-21 08:17:15 train_imbalanced.py:68] INFO     meta_val_interval: 10
[2021-08-21 08:17:15 train_imbalanced.py:68] INFO     meta_val_iter: 500
[2021-08-21 08:17:15 train_imbalanced.py:68] INFO     meta_val_metric: euclidean
[2021-08-21 08:17:15 train_imbalanced.py:68] INFO     meta_val_query: 15
[2021-08-21 08:17:15 train_imbalanced.py:68] INFO     meta_val_shot: 5
[2021-08-21 08:17:15 train_imbalanced.py:68] INFO     meta_val_way: 5
[2021-08-21 08:17:15 train_imbalanced.py:68] INFO     mix_train: False
[2021-08-21 08:17:15 train_imbalanced.py:68] INFO     nesterov: False
[2021-08-21 08:17:15 train_imbalanced.py:68] INFO     no_meta_eval: False
[2021-08-21 08:17:15 train_imbalanced.py:68] INFO     num_NN: 1
[2021-08-21 08:17:15 train_imbalanced.py:68] INFO     num_classes: 351
[2021-08-21 08:17:15 train_imbalanced.py:68] INFO     optimizer: SGD
[2021-08-21 08:17:15 train_imbalanced.py:68] INFO     pointing_aug_equalperclass_num: 10
[2021-08-21 08:17:15 train_imbalanced.py:68] INFO     pointing_aug_eval: True
[2021-08-21 08:17:15 train_imbalanced.py:68] INFO     pointing_aug_randomgeneration_num: 600
[2021-08-21 08:17:15 train_imbalanced.py:68] INFO     pointing_aug_sample_type: select_class
[2021-08-21 08:17:15 train_imbalanced.py:68] INFO     pointing_aug_selectclass_num: 600
[2021-08-21 08:17:15 train_imbalanced.py:68] INFO     pretrain: None
[2021-08-21 08:17:15 train_imbalanced.py:68] INFO     print_freq: 50
[2021-08-21 08:17:15 train_imbalanced.py:68] INFO     save_path: ./result_tiered/resnet18_epoch100_SGD
[2021-08-21 08:17:15 train_imbalanced.py:68] INFO     scheduler: step
[2021-08-21 08:17:15 train_imbalanced.py:68] INFO     seed: 0
[2021-08-21 08:17:15 train_imbalanced.py:68] INFO     select_class_metric: UN
[2021-08-21 08:17:15 train_imbalanced.py:68] INFO     select_class_type: random
[2021-08-21 08:17:15 train_imbalanced.py:68] INFO     split_dir: ./split/tiered/
[2021-08-21 08:17:15 train_imbalanced.py:68] INFO     start_epoch: 0
[2021-08-21 08:17:15 train_imbalanced.py:68] INFO     triplet_base: 1
[2021-08-21 08:17:15 train_imbalanced.py:68] INFO     triplet_batch: 100
[2021-08-21 08:17:15 train_imbalanced.py:68] INFO     triplet_diff: 1
[2021-08-21 08:17:15 train_imbalanced.py:68] INFO     triplet_iter: 10000
[2021-08-21 08:17:15 train_imbalanced.py:68] INFO     triplet_metric: euclidean
[2021-08-21 08:17:15 train_imbalanced.py:68] INFO     triplet_rand: False
[2021-08-21 08:17:15 train_imbalanced.py:68] INFO     triplet_same: 1
[2021-08-21 08:17:15 train_imbalanced.py:68] INFO     trp_train: False
[2021-08-21 08:17:15 train_imbalanced.py:68] INFO     weight_decay: 0.0001
[2021-08-21 08:17:15 train_imbalanced.py:68] INFO     workers: 40
[2021-08-21 08:17:15 train_imbalanced.py:83] INFO     => creating model 'resnet18'
[2021-08-21 08:30:17 train_imbalanced.py:1698] INFO     Meta Test: LAST
How_Close_Factor=0.9
feature	UN	L2N	CL2N
GVP 1Shot	0.6166(0.0023)	0.6727(0.0022)	0.6809(0.0022)
GVP_5Shot	0.8313(0.0016)	0.8431(0.0016)	0.8423(0.0016)
[2021-08-21 08:37:58 train_imbalanced.py:1698] INFO     Meta Test: LAST
How_Close_Factor=0.8
feature	UN	L2N	CL2N
GVP 1Shot	0.6304(0.0023)	0.6763(0.0023)	0.6815(0.0022)
GVP_5Shot	0.8326(0.0016)	0.8423(0.0016)	0.8411(0.0016)
[2021-08-21 08:45:39 train_imbalanced.py:1698] INFO     Meta Test: LAST
How_Close_Factor=0.7
feature	UN	L2N	CL2N
GVP 1Shot	0.6407(0.0023)	0.6763(0.0023)	0.6799(0.0022)
GVP_5Shot	0.8319(0.0016)	0.8402(0.0016)	0.8384(0.0016)
[2021-08-21 08:53:15 train_imbalanced.py:1698] INFO     Meta Test: LAST
How_Close_Factor=0.6
feature	UN	L2N	CL2N
GVP 1Shot	0.6466(0.0023)	0.6723(0.0023)	0.6750(0.0023)
GVP_5Shot	0.8292(0.0016)	0.8360(0.0016)	0.8334(0.0016)
[2021-08-21 09:00:51 train_imbalanced.py:1698] INFO     Meta Test: LAST
How_Close_Factor=0.5
feature	UN	L2N	CL2N
GVP 1Shot	0.6460(0.0023)	0.6639(0.0023)	0.6668(0.0023)
GVP_5Shot	0.8235(0.0017)	0.8289(0.0017)	0.8256(0.0017)
[2021-08-21 09:08:26 train_imbalanced.py:1698] INFO     Meta Test: LAST
How_Close_Factor=0.4
feature	UN	L2N	CL2N
GVP 1Shot	0.6382(0.0024)	0.6497(0.0024)	0.6542(0.0024)
GVP_5Shot	0.8143(0.0017)	0.8182(0.0017)	0.8132(0.0017)
[2021-08-21 09:16:02 train_imbalanced.py:1698] INFO     Meta Test: LAST
How_Close_Factor=0.3
feature	UN	L2N	CL2N
GVP 1Shot	0.6221(0.0025)	0.6297(0.0024)	0.6361(0.0024)
GVP_5Shot	0.8005(0.0018)	0.8031(0.0018)	0.7950(0.0018)
[2021-08-21 09:23:38 train_imbalanced.py:1698] INFO     Meta Test: LAST
How_Close_Factor=0.2
feature	UN	L2N	CL2N
GVP 1Shot	0.5980(0.0025)	0.6032(0.0025)	0.6122(0.0025)
GVP_5Shot	0.7804(0.0019)	0.7821(0.0019)	0.7696(0.0019)
[2021-08-21 09:31:13 train_imbalanced.py:1698] INFO     Meta Test: LAST
How_Close_Factor=0.1
feature	UN	L2N	CL2N
GVP 1Shot	0.5670(0.0026)	0.5716(0.0025)	0.5829(0.0025)
GVP_5Shot	0.7522(0.0020)	0.7534(0.0020)	0.7360(0.0021)
[2021-08-21 09:38:49 train_imbalanced.py:1698] INFO     Meta Test: LAST
How_Close_Factor=0
feature	UN	L2N	CL2N
GVP 1Shot	0.5266(0.0026)	0.5311(0.0026)	0.5448(0.0026)
GVP_5Shot	0.7147(0.0022)	0.7158(0.0022)	0.6941(0.0022)
