[2021-08-20 18:11:38 train_imbalanced.py:68] INFO     analyze: False
[2021-08-20 18:11:38 train_imbalanced.py:68] INFO     anlz_FC: False
[2021-08-20 18:11:38 train_imbalanced.py:68] INFO     anlz_base: 1
[2021-08-20 18:11:38 train_imbalanced.py:68] INFO     anlz_class: 2
[2021-08-20 18:11:38 train_imbalanced.py:68] INFO     anlz_diff: 1
[2021-08-20 18:11:38 train_imbalanced.py:68] INFO     anlz_interval: 1
[2021-08-20 18:11:38 train_imbalanced.py:68] INFO     anlz_iter: 1000
[2021-08-20 18:11:38 train_imbalanced.py:68] INFO     anlz_metric: euclidean
[2021-08-20 18:11:38 train_imbalanced.py:68] INFO     anlz_rand: False
[2021-08-20 18:11:38 train_imbalanced.py:68] INFO     anlz_same: 1
[2021-08-20 18:11:38 train_imbalanced.py:68] INFO     arch: resnet18
[2021-08-20 18:11:38 train_imbalanced.py:68] INFO     batch_size: 256
[2021-08-20 18:11:38 train_imbalanced.py:68] INFO     case_study: False
[2021-08-20 18:11:38 train_imbalanced.py:68] INFO     ce_train: True
[2021-08-20 18:11:38 train_imbalanced.py:68] INFO     clone_factor_1shot: 20
[2021-08-20 18:11:38 train_imbalanced.py:68] INFO     clone_factor_5shot: 4
[2021-08-20 18:11:38 train_imbalanced.py:68] INFO     config: ./configs/tiered_resnet18_pointing.config
[2021-08-20 18:11:38 train_imbalanced.py:68] INFO     data: ./tiered-imagenet/data/
[2021-08-20 18:11:38 train_imbalanced.py:68] INFO     data_type: tieredImageNet
[2021-08-20 18:11:38 train_imbalanced.py:68] INFO     disable_random_resize: False
[2021-08-20 18:11:38 train_imbalanced.py:68] INFO     disable_tqdm: False
[2021-08-20 18:11:38 train_imbalanced.py:68] INFO     disable_train_augment: False
[2021-08-20 18:11:38 train_imbalanced.py:68] INFO     do_imbal_eval: False
[2021-08-20 18:11:38 train_imbalanced.py:68] INFO     do_imbal_train: False
[2021-08-20 18:11:38 train_imbalanced.py:68] INFO     do_meta_train: False
[2021-08-20 18:11:38 train_imbalanced.py:68] INFO     enlarge: False
[2021-08-20 18:11:38 train_imbalanced.py:68] INFO     epochs: 100
[2021-08-20 18:11:38 train_imbalanced.py:68] INFO     eval_fc: False
[2021-08-20 18:11:38 train_imbalanced.py:68] INFO     evaluate: False
[2021-08-20 18:11:38 train_imbalanced.py:68] INFO     imbal_iter: 500
[2021-08-20 18:11:38 train_imbalanced.py:68] INFO     imbal_shot: 5
[2021-08-20 18:11:38 train_imbalanced.py:68] INFO     imbal_way: 5
[2021-08-20 18:11:38 train_imbalanced.py:68] INFO     logname: 08_19_tiered_cloning_randomgeneration_10.log
[2021-08-20 18:11:38 train_imbalanced.py:68] INFO     lr: 0.1
[2021-08-20 18:11:38 train_imbalanced.py:68] INFO     lr_gamma: 0.1
[2021-08-20 18:11:38 train_imbalanced.py:68] INFO     lr_stepsize: 30
[2021-08-20 18:11:38 train_imbalanced.py:68] INFO     meta_cloning: True
[2021-08-20 18:11:38 train_imbalanced.py:68] INFO     meta_test_iter: 10000
[2021-08-20 18:11:38 train_imbalanced.py:68] INFO     meta_train_iter: 100
[2021-08-20 18:11:38 train_imbalanced.py:68] INFO     meta_train_metric: euclidean
[2021-08-20 18:11:38 train_imbalanced.py:68] INFO     meta_train_query: 15
[2021-08-20 18:11:38 train_imbalanced.py:68] INFO     meta_train_shot: 1
[2021-08-20 18:11:38 train_imbalanced.py:68] INFO     meta_train_way: 30
[2021-08-20 18:11:38 train_imbalanced.py:68] INFO     meta_val_interval: 10
[2021-08-20 18:11:38 train_imbalanced.py:68] INFO     meta_val_iter: 500
[2021-08-20 18:11:38 train_imbalanced.py:68] INFO     meta_val_metric: euclidean
[2021-08-20 18:11:38 train_imbalanced.py:68] INFO     meta_val_query: 15
[2021-08-20 18:11:38 train_imbalanced.py:68] INFO     meta_val_shot: 5
[2021-08-20 18:11:38 train_imbalanced.py:68] INFO     meta_val_way: 5
[2021-08-20 18:11:38 train_imbalanced.py:68] INFO     mix_train: False
[2021-08-20 18:11:38 train_imbalanced.py:68] INFO     nesterov: False
[2021-08-20 18:11:38 train_imbalanced.py:68] INFO     no_meta_eval: False
[2021-08-20 18:11:38 train_imbalanced.py:68] INFO     num_NN: 1
[2021-08-20 18:11:38 train_imbalanced.py:68] INFO     num_classes: 351
[2021-08-20 18:11:38 train_imbalanced.py:68] INFO     optimizer: SGD
[2021-08-20 18:11:38 train_imbalanced.py:68] INFO     pointing_aug_equalperclass_num: 1
[2021-08-20 18:11:38 train_imbalanced.py:68] INFO     pointing_aug_eval: True
[2021-08-20 18:11:38 train_imbalanced.py:68] INFO     pointing_aug_randomgeneration_num: 10
[2021-08-20 18:11:38 train_imbalanced.py:68] INFO     pointing_aug_sample_type: random_generation
[2021-08-20 18:11:38 train_imbalanced.py:68] INFO     pointing_aug_selectclass_num: 1
[2021-08-20 18:11:38 train_imbalanced.py:68] INFO     pretrain: None
[2021-08-20 18:11:38 train_imbalanced.py:68] INFO     print_freq: 50
[2021-08-20 18:11:38 train_imbalanced.py:68] INFO     save_path: ./result_tiered/resnet18_epoch100_SGD
[2021-08-20 18:11:38 train_imbalanced.py:68] INFO     scheduler: step
[2021-08-20 18:11:38 train_imbalanced.py:68] INFO     seed: 0
[2021-08-20 18:11:38 train_imbalanced.py:68] INFO     select_class_metric: UN
[2021-08-20 18:11:38 train_imbalanced.py:68] INFO     select_class_type: random
[2021-08-20 18:11:38 train_imbalanced.py:68] INFO     split_dir: ./split/tiered/
[2021-08-20 18:11:38 train_imbalanced.py:68] INFO     start_epoch: 0
[2021-08-20 18:11:38 train_imbalanced.py:68] INFO     triplet_base: 1
[2021-08-20 18:11:38 train_imbalanced.py:68] INFO     triplet_batch: 100
[2021-08-20 18:11:38 train_imbalanced.py:68] INFO     triplet_diff: 1
[2021-08-20 18:11:38 train_imbalanced.py:68] INFO     triplet_iter: 10000
[2021-08-20 18:11:38 train_imbalanced.py:68] INFO     triplet_metric: euclidean
[2021-08-20 18:11:38 train_imbalanced.py:68] INFO     triplet_rand: False
[2021-08-20 18:11:38 train_imbalanced.py:68] INFO     triplet_same: 1
[2021-08-20 18:11:38 train_imbalanced.py:68] INFO     trp_train: False
[2021-08-20 18:11:38 train_imbalanced.py:68] INFO     weight_decay: 0.0001
[2021-08-20 18:11:38 train_imbalanced.py:68] INFO     workers: 40
[2021-08-20 18:11:38 train_imbalanced.py:83] INFO     => creating model 'resnet18'
[2021-08-20 18:20:48 train_imbalanced.py:1698] INFO     Meta Test: LAST
How_Close_Factor=0.9
feature	UN	L2N	CL2N
GVP 1Shot	0.6344(0.0022)	0.6863(0.0022)	0.6875(0.0022)
GVP_5Shot	0.8177(0.0016)	0.8418(0.0016)	0.8333(0.0016)
[2021-08-20 18:23:01 train_imbalanced.py:1698] INFO     Meta Test: LAST
How_Close_Factor=0.8
feature	UN	L2N	CL2N
GVP 1Shot	0.5868(0.0023)	0.6952(0.0022)	0.6839(0.0022)
GVP_5Shot	0.7663(0.0019)	0.8408(0.0016)	0.8156(0.0017)
[2021-08-20 18:25:15 train_imbalanced.py:1698] INFO     Meta Test: LAST
How_Close_Factor=0.7
feature	UN	L2N	CL2N
GVP 1Shot	0.5265(0.0025)	0.6988(0.0022)	0.6871(0.0022)
GVP_5Shot	0.6884(0.0023)	0.8374(0.0016)	0.8144(0.0017)
[2021-08-20 18:27:28 train_imbalanced.py:1698] INFO     Meta Test: LAST
How_Close_Factor=0.6
feature	UN	L2N	CL2N
GVP 1Shot	0.4653(0.0026)	0.6992(0.0022)	0.6878(0.0022)
GVP_5Shot	0.5992(0.0028)	0.8316(0.0017)	0.8130(0.0018)
[2021-08-20 18:29:42 train_imbalanced.py:1698] INFO     Meta Test: LAST
How_Close_Factor=0.5
feature	UN	L2N	CL2N
GVP 1Shot	0.4250(0.0027)	0.6980(0.0022)	0.6864(0.0022)
GVP_5Shot	0.5378(0.0030)	0.8262(0.0017)	0.8089(0.0018)
[2021-08-20 18:31:55 train_imbalanced.py:1698] INFO     Meta Test: LAST
How_Close_Factor=0.4
feature	UN	L2N	CL2N
GVP 1Shot	0.3862(0.0026)	0.6952(0.0022)	0.6851(0.0022)
GVP_5Shot	0.4736(0.0031)	0.8201(0.0017)	0.8064(0.0018)
[2021-08-20 18:34:09 train_imbalanced.py:1698] INFO     Meta Test: LAST
How_Close_Factor=0.3
feature	UN	L2N	CL2N
GVP 1Shot	0.3596(0.0026)	0.6950(0.0022)	0.6848(0.0022)
GVP_5Shot	0.4304(0.0031)	0.8190(0.0017)	0.8062(0.0018)
[2021-08-20 18:36:23 train_imbalanced.py:1698] INFO     Meta Test: LAST
How_Close_Factor=0.2
feature	UN	L2N	CL2N
GVP 1Shot	0.3387(0.0025)	0.6892(0.0022)	0.6843(0.0022)
GVP_5Shot	0.3981(0.0030)	0.8109(0.0018)	0.8050(0.0018)
[2021-08-20 18:38:37 train_imbalanced.py:1698] INFO     Meta Test: LAST
How_Close_Factor=0.1
feature	UN	L2N	CL2N
GVP 1Shot	0.3238(0.0024)	0.6856(0.0022)	0.6843(0.0022)
GVP_5Shot	0.3744(0.0029)	0.8071(0.0018)	0.8047(0.0018)
[2021-08-20 18:40:50 train_imbalanced.py:1698] INFO     Meta Test: LAST
How_Close_Factor=0
feature	UN	L2N	CL2N
GVP 1Shot	0.2000(0.0000)	0.2000(0.0000)	0.2000(0.0000)
GVP_5Shot	0.2000(0.0000)	0.2000(0.0000)	0.2000(0.0000)
